
     ######################################################################
   ##########################################################################
  ###                                                                      ###
 ###            Tinker-HP  ---  Software Tools for Molecular Design         ###
 ##                                                                          ##
 ##                        Version 1.1v  Septembre 2018                      ##
 ##                                                                          ##
 ##     Copyright (c) Washington University in Saint Louis (WU)              ##
 ##                   The University of Texas at Austin                      ##
 ##                   Sorbonne Universites, UPMC (Sorbonne)                  ##
 ##                              1990-2017                                   ##
 ###                       All Rights Reserved                              ###
  ###                                                                      ###
   ##########################################################################
     ######################################################################

License Number : LICENSENUMBER

Cite this work as :

   Tinker-HP: a Massively Parallel Molecular Dynamics Package for Multiscale
   Simulations of Large Complex Systems with Advanced Polarizable Force Fields.

   Louis Lagardere, Luc-Henri Jolly, Filippo Lipparini, Felix Aviat,
   Benjamin Stamm, Zhifeng F. Jing, Matthew Harger, Hedieh Torabifard,
   G. Andres Cisneros, Michael J. Schnieders, Nohad Gresh, Yvon Maday,
   Pengyu Y. Ren, Jay W. Ponder and Jean-Philip Piquemal,

   Chem. Sci., 2018, 9, 956-972,  doi: 10.1039/c7sc04531j

 3D Domain Decomposition
Nx =     2  Ny =     2  Nz =     2
 In auto-tuning mode......
 factors:            1           2           4           8
 processor grid           1  by            8  time=  7.632195949554443E-003
 processor grid           2  by            4  time=  1.044887304306030E-002
 processor grid           4  by            2  time=  1.068338751792908E-002
 processor grid           8  by            1  time=  1.122650504112244E-002
 the best processor grid is probably            1  by            8
  
 ***** Using the MKL engine *****
  

 Smooth Particle Mesh Ewald Parameters :

    Ewald Coefficient      Charge Grid Dimensions      B-Spline Order

          0.5446              144   144   144                 5
 time clistcellvec =   0.993947029113770     
 time vlistcellvec =    1.36413311958313     
 3D Domain Decomposition
Nx =     2  Ny =     2  Nz =     2
 time clistcellvec =   0.984273910522461     
 time vlistcellvec =    1.35684895515442     

 Molecular Dynamics Trajectory via r-RESPA MTS Algorithm
 time vdw =   0.227092981338501     
 time elec =   0.352262020111084     

 Random Number Generator Initialized with SEED :          12345

    MD Step      E Total   E Potential     E Kinetic       Temp       Pres

         1  -564193.0484  -854198.9169   290005.8686     337.82   10375.42
 time vdw =   0.226952075958252     
 time elec =   0.288405895233154     
         2  -569131.5690  -870282.9574   301151.3884     350.80    1477.49
 time vdw =   0.225220918655396     
 time elec =   0.289722919464111     
         3  -579564.7672  -920699.8148   341135.0476     397.38  -13027.62
 time vdw =   0.226205110549927     
 time elec =   0.287480115890503     
         4  -570757.2716  -828496.9250   257739.6535     300.23  -17015.03
 time vdw =   0.225451946258545     
 time elec =   0.285679101943970     
         5  -575638.1362  -912734.4098   337096.2736     392.67     639.40
 time vdw =   0.224946022033691     
 time elec =   0.289453029632568     
         6  -567977.4810  -854751.3490   286773.8680     334.05   11035.44
 time vdw =   0.226613998413086     
 time elec =   0.288052797317505     
         7  -574328.8766  -886915.9490   312587.0724     364.12    2314.88
 time vdw =   0.226315021514893     
 time elec =   0.288697957992554     
         8  -580729.6510  -909673.9662   328944.3151     383.18  -13326.15
 time vdw =   0.227046012878418     
 time elec =   0.289876937866211     
         9  -571772.9343  -829949.2463   258176.3119     300.74  -17080.71
 time vdw =   0.227775096893311     
 time elec =   0.287900924682617     
        10  -575992.2400  -912791.6390   336799.3990     392.33    1347.03
