
     ######################################################################
   ##########################################################################
  ###                                                                      ###
 ###            Tinker-HP  ---  Software Tools for Molecular Design         ###
 ##                                                                          ##
 ##                        Version 1.1v  Septembre 2018                      ##
 ##                                                                          ##
 ##     Copyright (c) Washington University in Saint Louis (WU)              ##
 ##                   The University of Texas at Austin                      ##
 ##                   Sorbonne Universites, UPMC (Sorbonne)                  ##
 ##                              1990-2017                                   ##
 ###                       All Rights Reserved                              ###
  ###                                                                      ###
   ##########################################################################
     ######################################################################

License Number : LICENSENUMBER

Cite this work as :

   Tinker-HP: a Massively Parallel Molecular Dynamics Package for Multiscale
   Simulations of Large Complex Systems with Advanced Polarizable Force Fields.

   Louis Lagardere, Luc-Henri Jolly, Filippo Lipparini, Felix Aviat,
   Benjamin Stamm, Zhifeng F. Jing, Matthew Harger, Hedieh Torabifard,
   G. Andres Cisneros, Michael J. Schnieders, Nohad Gresh, Yvon Maday,
   Pengyu Y. Ren, Jay W. Ponder and Jean-Philip Piquemal,

   Chem. Sci., 2018, 9, 956-972,  doi: 10.1039/c7sc04531j

 3D Domain Decomposition
Nx =     2  Ny =     2  Nz =     2
 In auto-tuning mode......
 factors:            1           2           4           8
 processor grid           1  by            8  time=  4.617542028427124E-003
 processor grid           2  by            4  time=  7.534265518188477E-003
 processor grid           4  by            2  time=  7.549494504928589E-003
 processor grid           8  by            1  time=  7.949739694595337E-003
 the best processor grid is probably            1  by            8
  
 ***** Using the MKL engine *****
  

 Smooth Particle Mesh Ewald Parameters :

    Ewald Coefficient      Charge Grid Dimensions      B-Spline Order

          0.5446              128   128   128                 5
 time vlistcell    =    1.89357495307922     
 time mlistcell    =    1.69184494018555     
 3D Domain Decomposition
Nx =     2  Ny =     2  Nz =     2
 time vlistcell    =    1.95755290985107     
 time mlistcell    =    1.71649003028870     

 Molecular Dynamics Trajectory via r-RESPA MTS Algorithm
 time vdw =   0.309764146804810     
 time elec =   0.480431079864502     
 time tmatxb   0.199485063552856     
 time tmatxb   0.198925018310547     
 time tmatxb   0.198909997940063     
 time tmatxb   0.198406934738159     
 time tmatxb   0.198492050170898     
 time tmatxb   0.198621988296509     
 time tmatxb   0.198826074600220     
 time tmatxb   0.198653936386108     
 time tmatxb   0.198960065841675     
 time epreal =   0.546262979507446     
 time polar =    4.52952408790588     

 Random Number Generator Initialized with SEED :      123456789

    MD Step      E Total   E Potential     E Kinetic       Temp       Pres

         1  -332630.5573  -488183.9202   155553.3629     299.54    -284.34
 time vdw =   0.309530019760132     
 time elec =   0.445058107376099     
 time tmatxb   0.199556112289429     
 time tmatxb   0.199728965759277     
 time tmatxb   0.199631929397583     
 time tmatxb   0.199596881866455     
 time tmatxb   0.199362993240356     
 time tmatxb   0.199921131134033     
 time tmatxb   0.199353933334351     
 time tmatxb   0.199508190155029     
 time tmatxb   0.199512958526611     
 time epreal =   0.543804883956909     
 time polar =    4.42356610298157     
         2  -332589.5050  -488046.7095   155457.2045     299.35    -184.03
 time vdw =   0.307155132293701     
 time elec =   0.443289995193481     
 time tmatxb   0.200053930282593     
 time tmatxb   0.200525999069214     
 time tmatxb   0.200274944305420     
 time tmatxb   0.200188875198364     
 time tmatxb   0.200875997543335     
 time tmatxb   0.200140953063965     
 time tmatxb   0.199982881546021     
 time tmatxb   0.200810909271240     
 time tmatxb   0.200196981430054     
 time epreal =   0.545550107955933     
 time polar =    4.46152496337891     
         3  -332546.6431  -488099.7406   155553.0975     299.54      -3.43
 time vdw =   0.303939819335938     
 time elec =   0.444880008697510     
 time tmatxb   0.198821067810059     
 time tmatxb   0.198669910430908     
 time tmatxb   0.198607921600342     
 time tmatxb   0.198549032211304     
 time tmatxb   0.197936058044434     
 time tmatxb   0.198578119277954     
 time tmatxb   0.198528051376343     
 time tmatxb   0.198411941528320     
 time tmatxb   0.198966979980469     
 time epreal =   0.541886091232300     
 time polar =    4.42142701148987     
         4  -332528.4610  -487940.5001   155412.0391     299.27     -36.26
 time vdw =   0.308166980743408     
 time elec =   0.448824882507324     
 time tmatxb   0.197550058364868     
 time tmatxb   0.197208166122437     
 time tmatxb   0.197940111160278     
 time tmatxb   0.198160886764526     
 time tmatxb   0.198603868484497     
 time tmatxb   0.198292016983032     
 time tmatxb   0.198117971420288     
 time tmatxb   0.198048830032349     
 time tmatxb   0.198199987411499     
 time epreal =   0.544727087020874     
 time polar =    4.43508505821228     
         5  -332512.1446  -487754.3033   155242.1587     298.94    -224.63
 time vdw =   0.307945013046265     
 time elec =   0.444258928298950     
 time tmatxb   0.198052167892456     
 time tmatxb   0.198186874389648     
 time tmatxb   0.197914123535156     
 time tmatxb   0.198113918304443     
 time tmatxb   0.197823047637939     
 time tmatxb   0.198344945907593     
 time tmatxb   0.198015928268433     
 time tmatxb   0.198796033859253     
 time tmatxb   0.198676109313965     
 time epreal =   0.545023202896118     
 time polar =    4.46842908859253     
         6  -332496.8260  -487753.1452   155256.3193     298.97    -326.03
 time vdw =   0.305485010147095     
 time elec =   0.444398164749146     
 time tmatxb   0.198673963546753     
 time tmatxb   0.199579954147339     
 time tmatxb   0.199867010116577     
 time tmatxb   0.199584960937500     
 time tmatxb   0.199496030807495     
 time tmatxb   0.199524164199829     
 time tmatxb   0.199757099151611     
 time tmatxb   0.199746131896973     
 time tmatxb   0.199711084365845     
 time epreal =   0.544286012649536     
 time polar =    4.45497012138367     
         7  -332466.3143  -487699.7522   155233.4378     298.92    -149.81
 time vdw =   0.305853128433228     
 time elec =   0.450652837753296     
 time tmatxb   0.200360059738159     
 time tmatxb   0.199444055557251     
 time tmatxb   0.199860811233521     
 time tmatxb   0.199848890304565     
 time tmatxb   0.199697971343994     
 time tmatxb   0.200093984603882     
 time tmatxb   0.199843168258667     
 time epreal =   0.547023057937622     
 time polar =    3.81185507774353     
         8  -332559.5739  -488122.9887   155563.4149     299.56       9.03
 time vdw =   0.305281877517700     
 time elec =   0.446808099746704     
 time tmatxb   0.197333812713623     
 time tmatxb   0.196956872940063     
 time tmatxb   0.197669029235840     
 time tmatxb   0.196660995483398     
 time tmatxb   0.197319030761719     
 time tmatxb   0.197167158126831     
 time tmatxb   0.197304964065552     
 time epreal =   0.543010950088501     
 time polar =    3.77938795089722     
         9  -332404.0894  -487721.5971   155317.5077     299.08     -33.85
 time vdw =   0.306658029556274     
 time elec =   0.442231178283691     
 time tmatxb   0.199625968933105     
 time tmatxb   0.199323177337646     
 time tmatxb   0.199005126953125     
 time tmatxb   0.199629068374634     
 time tmatxb   0.198680877685547     
 time tmatxb   0.199160099029541     
 time tmatxb   0.199618101119995     
 time epreal =   0.545402050018311     
 time polar =    3.81523609161377     
        10  -332508.0828  -487861.5562   155353.4734     299.15    -218.52
