
     ######################################################################
   ##########################################################################
  ###                                                                      ###
 ###            Tinker-HP  ---  Software Tools for Molecular Design         ###
 ##                                                                          ##
 ##                        Version 1.1v  Septembre 2018                      ##
 ##                                                                          ##
 ##     Copyright (c) Washington University in Saint Louis (WU)              ##
 ##                   The University of Texas at Austin                      ##
 ##                   Sorbonne Universites, UPMC (Sorbonne)                  ##
 ##                              1990-2017                                   ##
 ###                       All Rights Reserved                              ###
  ###                                                                      ###
   ##########################################################################
     ######################################################################

License Number : LICENSENUMBER

Cite this work as :

   Tinker-HP: a Massively Parallel Molecular Dynamics Package for Multiscale
   Simulations of Large Complex Systems with Advanced Polarizable Force Fields.

   Louis Lagardere, Luc-Henri Jolly, Filippo Lipparini, Felix Aviat,
   Benjamin Stamm, Zhifeng F. Jing, Matthew Harger, Hedieh Torabifard,
   G. Andres Cisneros, Michael J. Schnieders, Nohad Gresh, Yvon Maday,
   Pengyu Y. Ren, Jay W. Ponder and Jean-Philip Piquemal,

   Chem. Sci., 2018, 9, 956-972,  doi: 10.1039/c7sc04531j

 3D Domain Decomposition
Nx =     2  Ny =     2  Nz =     2
 In auto-tuning mode......
 factors:            1           2           4           8
 processor grid           1  by            8  time=  4.773795604705811E-003
 processor grid           2  by            4  time=  7.216513156890869E-003
 processor grid           4  by            2  time=  8.158892393112183E-003
 processor grid           8  by            1  time=  8.377283811569214E-003
 the best processor grid is probably            1  by            8
  
 ***** Using the MKL engine *****
  

 Smooth Particle Mesh Ewald Parameters :

    Ewald Coefficient      Charge Grid Dimensions      B-Spline Order

          0.5446              128   128   128                 5
 time clistcellvec =   0.555610895156860     
 time vlistcellvec =   0.760149955749512     

 Random Number Generator Initialized with SEED :      123456789
 3D Domain Decomposition
Nx =     2  Ny =     2  Nz =     2
 time clistcellvec =   0.557117938995361     
 time vlistcellvec =   0.764851093292236     

 Langevin Molecular Dynamics Trajectory via BAOAB Algorithm
 time vdw =   0.136312961578369     
 time elec =   0.227091789245605     

    MD Step      E Total   E Potential     E Kinetic       Temp       Pres

         1  -295261.8231  -434288.4792   139026.6561     267.71   -9257.78
 time vdw =   0.134249925613403     
 time elec =   0.180364847183228     
         2  -320458.8237  -507618.2793   187159.4556     360.40  -13851.21
 time vdw =   0.134280920028687     
 time elec =   0.184864997863770     
         3  -297337.7027  -457896.5804   160558.8777     309.18   -7903.77
 time vdw =   0.134304046630859     
 time elec =   0.181157112121582     
         4  -317103.4367  -504044.6144   186941.1777     359.98    5658.38
 time vdw =   0.134240150451660     
 time elec =   0.185178995132446     
         5  -302510.1140  -459641.4778   157131.3638     302.58    1766.87
 time vdw =   0.134874105453491     
 time elec =   0.186673879623413     
         6  -307242.2819  -472512.4209   165270.1391     318.25   -9871.36
 time vdw =   0.134223937988281     
 time elec =   0.185508012771606     
         7  -313874.5741  -500058.3143   186183.7402     358.52  -12420.21
 time vdw =   0.134347915649414     
 time elec =   0.181499958038330     
         8  -301723.0692  -471979.9090   170256.8399     327.85   -3313.43
 time vdw =   0.134067058563232     
 time elec =   0.183176040649414     
         9  -318417.6639  -503288.3943   184870.7304     355.99    7166.20
 time vdw =   0.134317874908447     
 time elec =   0.183129072189331     
        10  -296756.5932  -441060.9870   144304.3938     277.88    -248.74
