
     ######################################################################
   ##########################################################################
  ###                                                                      ###
 ###            Tinker-HP  ---  Software Tools for Molecular Design         ###
 ##                                                                          ##
 ##                        Version 1.2   November 2019                       ##
 ##                                                                          ##
 ##     Copyright (c) Washington University in Saint Louis (WU)              ##
 ##                   The University of Texas at Austin                      ##
 ##                   Sorbonne Universites, UPMC (Sorbonne)                  ##
 ##                              1990-2019                                   ##
 ###                       All Rights Reserved                              ###
  ###                                                                      ###
   ##########################################################################
     ######################################################################

License Number : LICENSENUMBER

Cite this work as :

   Tinker-HP: a Massively Parallel Molecular Dynamics Package for Multiscale
   Simulations of Large Complex Systems with Advanced Polarizable Force Fields.

   Louis Lagardère, Luc-Henri Jolly, Filippo Lipparini, Felix Aviat,
   Benjamin Stamm, Zhifeng F. Jing, Matthew Harger, Hedieh Torabifard,
   G. Andrès Cisneros, Michael J. Schnieders, Nohad Gresh, Yvon Maday,
   Pengyu Y. Ren, Jay W. Ponder and Jean-Philip Piquemal,

   Chem. Sci., 2018, 9, 956-972,  doi: 10.1039/c7sc04531j

 3D Domain Decomposition
Nx =     2  Ny =     2  Nz =     2
 In auto-tuning mode......
 factors:            1           2           4           8
 processor grid           1  by            8  time=  1.084029674530029E-002
 processor grid           2  by            4  time=  5.426787771284580E-003
 processor grid           4  by            2  time=  5.203108536079526E-003
 processor grid           8  by            1  time=  4.690414993092418E-003
 the best processor grid is probably            8  by            1
  
 ***** Using the generic FFT engine *****
  

 Particle Mesh Ewald Parameters :

     Type                Ewald Alpha    Grid Dimensions    Spline Order

   Electrostatics           0.5446       120  120  120           5
   Polarization             0.5446       120  120  120           5
 3D Domain Decomposition
Nx =     2  Ny =     2  Nz =     2

 Molecular Dynamics Trajectory via r-RESPA MTS Algorithm

 Random Number Generator Initialized with SEED :          12345

    MD Step      E Total   E Potential     E Kinetic       Temp       Pres

         1  -192360.7769  -276488.8752    84128.0983     294.00     777.39
         2  -192590.4245  -278430.3089    85839.8844     299.98    -245.59
         3  -192516.2135  -277477.5514    84961.3378     296.91   -1114.30
         4  -192453.9118  -277678.5404    85224.6286     297.83     145.77
         5  -192471.7023  -279295.2748    86823.5725     303.42     844.68
         6  -192461.5856  -276978.8252    84517.2395     295.36     635.28
         7  -192580.2228  -279193.4763    86613.2535     302.68    -672.48
         8  -192454.5968  -276928.2153    84473.6185     295.20    -922.65
         9  -192409.3886  -278989.2634    86579.8748     302.56     399.34
        10  -192361.2769  -277993.8270    85632.5501     299.25     834.12

 TINKER-HP is Exiting following Normal Termination
