
     ######################################################################
   ##########################################################################
  ###                                                                      ###
 ###            Tinker-HP  ---  Software Tools for Molecular Design         ###
 ##                                                                          ##
 ##                        Version 1.2   November 2019                       ##
 ##                                                                          ##
 ##     Copyright (c) Washington University in Saint Louis (WU)              ##
 ##                   The University of Texas at Austin                      ##
 ##                   Sorbonne Universites, UPMC (Sorbonne)                  ##
 ##                              1990-2019                                   ##
 ###                       All Rights Reserved                              ###
  ###                                                                      ###
   ##########################################################################
     ######################################################################

License Number : LICENSENUMBER

Cite this work as :

   Tinker-HP: a Massively Parallel Molecular Dynamics Package for Multiscale
   Simulations of Large Complex Systems with Advanced Polarizable Force Fields.

   Louis Lagardère, Luc-Henri Jolly, Filippo Lipparini, Felix Aviat,
   Benjamin Stamm, Zhifeng F. Jing, Matthew Harger, Hedieh Torabifard,
   G. Andrès Cisneros, Michael J. Schnieders, Nohad Gresh, Yvon Maday,
   Pengyu Y. Ren, Jay W. Ponder and Jean-Philip Piquemal,

   Chem. Sci., 2018, 9, 956-972,  doi: 10.1039/c7sc04531j

 3D Domain Decomposition
Nx =     2  Ny =     2  Nz =     2
 In auto-tuning mode......
 factors:            1           2           4           8
 processor grid           1  by            8  time=  1.681917114183307E-003
 processor grid           2  by            4  time=  1.170148374512792E-003
 processor grid           4  by            2  time=  1.047664321959019E-003
 processor grid           8  by            1  time=  7.491954602301121E-004
 the best processor grid is probably            8  by            1
  
 ***** Using the generic FFT engine *****
  

 Particle Mesh Ewald Parameters :

     Type                Ewald Alpha    Grid Dimensions    Spline Order

   Electrostatics           0.5446        72   54   54           5
   Polarization             0.5446        72   54   54           5

 Random Number Generator Initialized with SEED :          12345
 3D Domain Decomposition
Nx =     2  Ny =     2  Nz =     2

 Langevin Molecular Dynamics Trajectory via BAOAB-RESPA Algorithm

    MD Step      E Total   E Potential     E Kinetic       Temp       Pres

         1   -18296.1860   -27120.7712     8824.5852     304.04   10011.42
         2   -18283.1924   -27129.6314     8846.4390     304.80   11894.94
         3   -18274.2200   -27107.9103     8833.6903     304.36   13244.53
         4   -18286.5723   -27146.6881     8860.1158     305.27   11327.07
         5   -18291.0738   -26917.7766     8626.7027     297.23    9273.13
         6   -18279.6943   -27110.1280     8830.4337     304.24    9591.05
         7   -18270.7673   -27020.6709     8749.9036     301.47   11907.05
         8   -18281.4829   -27162.5267     8881.0438     305.99   12855.97
         9   -18300.8743   -27029.9462     8729.0719     300.75   10714.65
        10   -18300.2490   -27064.3694     8764.1204     301.96    9169.02

 TINKER-HP is Exiting following Normal Termination
