#
# as the restart file comes from a 2fs simulation, the system is not equilibrated yet
#

3D Domain Decomposition
Nx =     2  Ny =     2  Nz =     2
 In auto-tuning mode......
 factors:            1           2           4           8
 processor grid           1  by            8  time=   1.0754168033599854E-003
 processor grid           2  by            4  time=   7.9318881034851074E-004
 processor grid           4  by            2  time=   6.2164664268493652E-004
 processor grid           8  by            1  time=   5.0690770149230957E-004
 the best processor grid is probably            8  by            1
  
 ***** Using the generic FFT engine *****
  

 Smooth Particle Mesh Ewald Parameters :

    Ewald Coefficient      Charge Grid Dimensions      B-Spline Order

          0.5446               72    54    54                 5

 Random Number Generator Initialized with SEED :          12345
 3D Domain Decomposition
Nx =     2  Ny =     2  Nz =     2

 Langevin Molecular Dynamics Trajectory via BAOAB-RESPA-1 Algorithm

    MD Step      E Total   E Potential     E Kinetic       Temp       Pres

         1   -17567.7201   -28137.9429    10570.2227     364.23   -2562.26
         2   -17700.0612   -26869.3452     9169.2840     315.95   -1227.56
         3   -17619.2427   -26018.3393     8399.0965     289.41    1817.98
         4   -17620.5412   -27517.3003     9896.7591     341.02   -3027.48
         5   -17729.5235   -27447.2187     9717.6953     334.85    1285.47
         6   -17558.9287   -26233.2183     8674.2896     298.90    1154.06
         7   -17628.9752   -27009.4820     9380.5068     323.23   -2015.96
         8   -17695.8435   -27237.0370     9541.1936     328.77    1596.95
         9   -17549.0786   -26854.6693     9305.5907     320.65     -13.92
        10   -17650.6586   -27033.3361     9382.6775     323.31    -943.75
