#
# as the restart file comes from a 2fs simulation, the system is not equilibrated yet
#

3D Domain Decomposition
Nx =     2  Ny =     2  Nz =     2
 In auto-tuning mode......
 factors:            1           2           4           8
 processor grid           1  by            8  time=   9.8714232444763184E-004
 processor grid           2  by            4  time=   6.9513916969299316E-004
 processor grid           4  by            2  time=   4.8571825027465820E-004
 processor grid           8  by            1  time=   4.2268633842468262E-004
 the best processor grid is probably            8  by            1
  
 ***** Using the generic FFT engine *****
  

 Smooth Particle Mesh Ewald Parameters :

    Ewald Coefficient      Charge Grid Dimensions      B-Spline Order

          0.5446               72    54    54                 5

 Random Number Generator Initialized with SEED :          12345
 3D Domain Decomposition
Nx =     2  Ny =     2  Nz =     2

 Langevin Molecular Dynamics Trajectory via BAOAB-RESPA-1 Algorithm

    MD Step      E Total   E Potential     E Kinetic       Temp       Pres

         1    28781.8257   -18682.0152    47463.8409    1635.49  -18556.43
         2    27735.0502   -12827.9783    40563.0284    1397.71   38015.16
         3    27850.5256    -7528.2757    35378.8013    1219.07   -9511.49
         4    27062.3913    -4231.7309    31294.1222    1078.32   39666.19
         5    26682.8409    -5203.9994    31886.8404    1098.75   10123.14
         6    26262.0383    -1319.1873    27581.2256     950.38   12480.96
         7    25732.3212    -4846.4497    30578.7709    1053.67   22688.97
         8    25422.0371    -4532.4259    29954.4630    1032.16    2408.72
         9    24937.5702    -6882.6685    31820.2387    1096.45   38282.95
        10    24451.3247    -6984.7436    31436.0683    1083.21   -8475.87
