This file contains any messages produced by compilers while
running configure, to aid debugging if configure makes a mistake.

It was created by tcl configure 8.6, which was
generated by GNU Autoconf 2.59.  Invocation command line was

  $ ./configure CC=pgcc --prefix=/home/adjoua/tinkerhp/pmerel/v1.2/tcl8/Portland/

## --------- ##
## Platform. ##
## --------- ##

hostname = obelixdevgraph.local
uname -m = x86_64
uname -r = 3.10.0-1160.45.1.el7.x86_64
uname -s = Linux
uname -v = #1 SMP Wed Oct 13 17:20:51 UTC 2021

/usr/bin/uname -p = x86_64
/bin/uname -X     = unknown

/bin/arch              = x86_64
/usr/bin/arch -k       = unknown
/usr/convex/getsysinfo = unknown
hostinfo               = unknown
/bin/machine           = unknown
/usr/bin/oslevel       = unknown
/bin/universe          = unknown

PATH: /usr/local/gcc-8.3.0/bin
PATH: /usr/local/intel/Compiler/2020/mkl/bin
PATH: /usr/local/Compilers/nvidia219/Linux_x86_64/21.9/compilers/extras/qd/bin
PATH: /usr/local/Compilers/nvidia219/Linux_x86_64/21.9/comm_libs/mpi/bin
PATH: /usr/local/Compilers/nvidia219/Linux_x86_64/21.9/compilers/bin
PATH: /usr/local/Compilers/nvidia219/Linux_x86_64/21.9/cuda/bin
PATH: /home/adjoua/miniconda3/condabin
PATH: /home/adjoua/Tinker/bin
PATH: /home/adjoua/local/bin
PATH: /opt/openmpi/bin
PATH: /usr/lib64/qt-3.3/bin
PATH: /usr/local/bin
PATH: /usr/bin
PATH: /usr/local/sbin
PATH: /usr/sbin
PATH: /opt/ganglia/bin
PATH: /opt/ganglia/sbin
PATH: /usr/java/latest/bin
PATH: /opt/maui/bin
PATH: /opt/torque/bin
PATH: /opt/torque/sbin
PATH: /opt/rocks/bin
PATH: /opt/rocks/sbin
PATH: /home/adjoua/bin
PATH: /home/adjoua/scripts


## ----------- ##
## Core tests. ##
## ----------- ##

configure:1385: checking whether to use symlinks for manpages
configure:1394: result: no
configure:1397: checking whether to compress the manpages
configure:1412: result: no
configure:1426: checking whether to add a package name suffix for the manpages
configure:1439: result: no
configure:1501: checking for gcc
configure:1527: result: pgcc
configure:1771: checking for C compiler version
configure:1774: pgcc --version </dev/null >&5

pgcc (aka nvc) 21.9-0 64-bit target on x86-64 Linux -tp skylake 
PGI Compilers and Tools
Copyright (c) 2021, NVIDIA CORPORATION & AFFILIATES.  All rights reserved.
configure:1777: $? = 0
configure:1779: pgcc -v </dev/null >&5
Export NVCOMPILER=/share/apps/Compilers/nvidia219/Linux_x86_64/21.9
Export PGI=/share/apps/Compilers/nvidia219
pgcc-Warning-No files to process

configure:1782: $? = 0
configure:1784: pgcc -V </dev/null >&5

pgcc (aka nvc) 21.9-0 64-bit target on x86-64 Linux -tp skylake 
PGI Compilers and Tools
Copyright (c) 2021, NVIDIA CORPORATION & AFFILIATES.  All rights reserved.
configure:1787: $? = 0
configure:1810: checking for C compiler default output file name
configure:1813: pgcc    conftest.c  >&5
configure:1816: $? = 0
configure:1862: result: a.out
configure:1867: checking whether the C compiler works
configure:1873: ./a.out
configure:1876: $? = 0
configure:1893: result: yes
configure:1900: checking whether we are cross compiling
configure:1902: result: no
configure:1905: checking for suffix of executables
configure:1907: pgcc -o conftest    conftest.c  >&5
configure:1910: $? = 0
configure:1935: result: 
configure:1941: checking for suffix of object files
configure:1962: pgcc -c   conftest.c >&5
configure:1965: $? = 0
configure:1987: result: o
configure:1991: checking whether we are using the GNU C compiler
configure:2015: pgcc -c   conftest.c >&5
configure:2021: $? = 0
configure:2025: test -z 
			 || test ! -s conftest.err
configure:2028: $? = 0
configure:2031: test -s conftest.o
configure:2034: $? = 0
configure:2047: result: yes
configure:2053: checking whether pgcc accepts -g
configure:2074: pgcc -c -g  conftest.c >&5
configure:2080: $? = 0
configure:2084: test -z 
			 || test ! -s conftest.err
configure:2087: $? = 0
configure:2090: test -s conftest.o
configure:2093: $? = 0
configure:2104: result: yes
configure:2121: checking for pgcc option to accept ANSI C
configure:2191: pgcc  -c   conftest.c >&5
"conftest.c", line 52: warning: statement is unreachable
    return 0;
    ^

configure:2197: $? = 0
configure:2201: test -z 
			 || test ! -s conftest.err
configure:2204: $? = 0
configure:2207: test -s conftest.o
configure:2210: $? = 0
configure:2228: result: none needed
configure:2246: pgcc -c   conftest.c >&5
"conftest.c", line 2: error: identifier "choke" is undefined
    choke me
    ^

At end of source: error: expected a ";"

2 errors detected in the compilation of "conftest.c".
configure:2252: $? = 2
configure: failed program was:
| #ifndef __cplusplus
|   choke me
| #endif
configure:2386: checking for inline
configure:2407: pgcc -c   conftest.c >&5
"conftest.c", line 11: warning: function "static_foo" was declared but never referenced
  static inline foo_t static_foo () {return 0; }
                      ^

configure:2413: $? = 0
configure:2417: test -z 
			 || test ! -s conftest.err
configure:2420: $? = 0
configure:2423: test -s conftest.o
configure:2426: $? = 0
configure:2438: result: inline
configure:2472: checking how to run the C preprocessor
configure:2590: result: cpp
configure:2614: cpp  conftest.c
configure:2620: $? = 0
configure:2652: cpp  conftest.c
conftest.c:9:10: fatal error: ac_nonexistent.h: No such file or directory
 #include <ac_nonexistent.h>
          ^~~~~~~~~~~~~~~~~~
compilation terminated.
configure:2658: $? = 1
configure: failed program was:
| /* confdefs.h.  */
| 
| #define PACKAGE_NAME "tcl"
| #define PACKAGE_TARNAME "tcl"
| #define PACKAGE_VERSION "8.6"
| #define PACKAGE_STRING "tcl 8.6"
| #define PACKAGE_BUGREPORT ""
| /* end confdefs.h.  */
| #include <ac_nonexistent.h>
configure:2702: checking for egrep
configure:2712: result: grep -E
configure:2717: checking for ANSI C header files
configure:2742: pgcc -c   conftest.c >&5
configure:2748: $? = 0
configure:2752: test -z 
			 || test ! -s conftest.err
configure:2755: $? = 0
configure:2758: test -s conftest.o
configure:2761: $? = 0
configure:2850: pgcc -o conftest    conftest.c  >&5
"conftest.c", line 26: warning: function "exit" declared implicitly
        exit(2);
        ^

"conftest.c", line 27: warning: function "exit" declared implicitly
    exit (0);
    ^

configure:2853: $? = 0
configure:2855: ./conftest
configure:2858: $? = 0
configure:2873: result: yes
configure:2897: checking for sys/types.h
configure:2913: pgcc -c   conftest.c >&5
configure:2919: $? = 0
configure:2923: test -z 
			 || test ! -s conftest.err
configure:2926: $? = 0
configure:2929: test -s conftest.o
configure:2932: $? = 0
configure:2943: result: yes
configure:2897: checking for sys/stat.h
configure:2913: pgcc -c   conftest.c >&5
configure:2919: $? = 0
configure:2923: test -z 
			 || test ! -s conftest.err
configure:2926: $? = 0
configure:2929: test -s conftest.o
configure:2932: $? = 0
configure:2943: result: yes
configure:2897: checking for stdlib.h
configure:2913: pgcc -c   conftest.c >&5
configure:2919: $? = 0
configure:2923: test -z 
			 || test ! -s conftest.err
configure:2926: $? = 0
configure:2929: test -s conftest.o
configure:2932: $? = 0
configure:2943: result: yes
configure:2897: checking for string.h
configure:2913: pgcc -c   conftest.c >&5
configure:2919: $? = 0
configure:2923: test -z 
			 || test ! -s conftest.err
configure:2926: $? = 0
configure:2929: test -s conftest.o
configure:2932: $? = 0
configure:2943: result: yes
configure:2897: checking for memory.h
configure:2913: pgcc -c   conftest.c >&5
configure:2919: $? = 0
configure:2923: test -z 
			 || test ! -s conftest.err
configure:2926: $? = 0
configure:2929: test -s conftest.o
configure:2932: $? = 0
configure:2943: result: yes
configure:2897: checking for strings.h
configure:2913: pgcc -c   conftest.c >&5
configure:2919: $? = 0
configure:2923: test -z 
			 || test ! -s conftest.err
configure:2926: $? = 0
configure:2929: test -s conftest.o
configure:2932: $? = 0
configure:2943: result: yes
configure:2897: checking for inttypes.h
configure:2913: pgcc -c   conftest.c >&5
configure:2919: $? = 0
configure:2923: test -z 
			 || test ! -s conftest.err
configure:2926: $? = 0
configure:2929: test -s conftest.o
configure:2932: $? = 0
configure:2943: result: yes
configure:2897: checking for stdint.h
configure:2913: pgcc -c   conftest.c >&5
configure:2919: $? = 0
configure:2923: test -z 
			 || test ! -s conftest.err
configure:2926: $? = 0
configure:2929: test -s conftest.o
configure:2932: $? = 0
configure:2943: result: yes
configure:2897: checking for unistd.h
configure:2913: pgcc -c   conftest.c >&5
configure:2919: $? = 0
configure:2923: test -z 
			 || test ! -s conftest.err
configure:2926: $? = 0
configure:2929: test -s conftest.o
configure:2932: $? = 0
configure:2943: result: yes
configure:2956: checking dirent.h
configure:2997: pgcc -o conftest    conftest.c  >&5
"conftest.c", line 37: warning: variable "p" was set but never used
  char *p;
        ^

configure:3003: $? = 0
configure:3007: test -z 
			 || test ! -s conftest.err
configure:3010: $? = 0
configure:3013: test -s conftest
configure:3016: $? = 0
configure:3028: result: yes
configure:3049: checking float.h usability
configure:3061: pgcc -c   conftest.c >&5
configure:3067: $? = 0
configure:3071: test -z 
			 || test ! -s conftest.err
configure:3074: $? = 0
configure:3077: test -s conftest.o
configure:3080: $? = 0
configure:3090: result: yes
configure:3094: checking float.h presence
configure:3104: cpp  conftest.c
configure:3110: $? = 0
configure:3130: result: yes
configure:3165: checking for float.h
configure:3172: result: yes
configure:3197: checking values.h usability
configure:3209: pgcc -c   conftest.c >&5
configure:3215: $? = 0
configure:3219: test -z 
			 || test ! -s conftest.err
configure:3222: $? = 0
configure:3225: test -s conftest.o
configure:3228: $? = 0
configure:3238: result: yes
configure:3242: checking values.h presence
configure:3252: cpp  conftest.c
configure:3258: $? = 0
configure:3278: result: yes
configure:3313: checking for values.h
configure:3320: result: yes
configure:3336: checking for stdlib.h
configure:3341: result: yes
configure:3538: checking for string.h
configure:3543: result: yes
configure:3737: checking sys/wait.h usability
configure:3749: pgcc -c   conftest.c >&5
configure:3755: $? = 0
configure:3759: test -z 
			 || test ! -s conftest.err
configure:3762: $? = 0
configure:3765: test -s conftest.o
configure:3768: $? = 0
configure:3778: result: yes
configure:3782: checking sys/wait.h presence
configure:3792: cpp  conftest.c
configure:3798: $? = 0
configure:3818: result: yes
configure:3853: checking for sys/wait.h
configure:3860: result: yes
configure:3885: checking dlfcn.h usability
configure:3897: pgcc -c   conftest.c >&5
configure:3903: $? = 0
configure:3907: test -z 
			 || test ! -s conftest.err
configure:3910: $? = 0
configure:3913: test -s conftest.o
configure:3916: $? = 0
configure:3926: result: yes
configure:3930: checking dlfcn.h presence
configure:3940: cpp  conftest.c
configure:3946: $? = 0
configure:3966: result: yes
configure:4001: checking for dlfcn.h
configure:4008: result: yes
configure:4039: checking sys/param.h usability
configure:4051: pgcc -c   conftest.c >&5
configure:4057: $? = 0
configure:4061: test -z 
			 || test ! -s conftest.err
configure:4064: $? = 0
configure:4067: test -s conftest.o
configure:4070: $? = 0
configure:4080: result: yes
configure:4084: checking sys/param.h presence
configure:4094: cpp  conftest.c
configure:4100: $? = 0
configure:4120: result: yes
configure:4155: checking for sys/param.h
configure:4162: result: yes
configure:4189: checking if the compiler understands -pipe
configure:4212: pgcc -c  -pipe  conftest.c >&5
pgcc-Error-Unknown switch: -pipe
configure:4218: $? = 1
configure: failed program was:
| /* confdefs.h.  */
| 
| #define PACKAGE_NAME "tcl"
| #define PACKAGE_TARNAME "tcl"
| #define PACKAGE_VERSION "8.6"
| #define PACKAGE_STRING "tcl 8.6"
| #define PACKAGE_BUGREPORT ""
| #define STDC_HEADERS 1
| #define HAVE_SYS_TYPES_H 1
| #define HAVE_SYS_STAT_H 1
| #define HAVE_STDLIB_H 1
| #define HAVE_STRING_H 1
| #define HAVE_MEMORY_H 1
| #define HAVE_STRINGS_H 1
| #define HAVE_INTTYPES_H 1
| #define HAVE_STDINT_H 1
| #define HAVE_UNISTD_H 1
| #define HAVE_SYS_PARAM_H 1
| /* end confdefs.h.  */
| 
| int
| main ()
| {
| 
|   ;
|   return 0;
| }
configure:4243: result: no
configure:4293: checking for pthread_mutex_init in -lpthread
configure:4323: pgcc -o conftest    conftest.c -lpthread   >&5
configure:4329: $? = 0
configure:4333: test -z 
			 || test ! -s conftest.err
configure:4336: $? = 0
configure:4339: test -s conftest
configure:4342: $? = 0
configure:4355: result: yes
configure:4682: checking for pthread_attr_setstacksize
configure:4739: pgcc -o conftest    conftest.c   -lpthread >&5
"conftest.c", line 65: warning: statement is unreachable
    return 0;
    ^

configure:4745: $? = 0
configure:4749: test -z 
			 || test ! -s conftest.err
configure:4752: $? = 0
configure:4755: test -s conftest
configure:4758: $? = 0
configure:4770: result: yes
configure:4682: checking for pthread_atfork
configure:4739: pgcc -o conftest    conftest.c   -lpthread >&5
"conftest.c", line 66: warning: statement is unreachable
    return 0;
    ^

configure:4745: $? = 0
configure:4749: test -z 
			 || test ! -s conftest.err
configure:4752: $? = 0
configure:4755: test -s conftest
configure:4758: $? = 0
configure:4770: result: yes
configure:4785: checking for building with threads
configure:4797: result: yes
configure:4845: checking for sin
configure:4902: pgcc -o conftest    conftest.c  >&5
"conftest.c", line 69: warning: statement is unreachable
    return 0;
    ^

configure:4908: $? = 0
configure:4912: test -z 
			 || test ! -s conftest.err
configure:4915: $? = 0
configure:4918: test -s conftest
configure:4921: $? = 0
configure:4933: result: yes
configure:4947: checking for main in -linet
configure:4971: pgcc -o conftest    conftest.c -linet   >&5
/usr/bin/ld: cannot find -linet
configure:4977: $? = 2
configure: failed program was:
| /* confdefs.h.  */
| 
| #define PACKAGE_NAME "tcl"
| #define PACKAGE_TARNAME "tcl"
| #define PACKAGE_VERSION "8.6"
| #define PACKAGE_STRING "tcl 8.6"
| #define PACKAGE_BUGREPORT ""
| #define STDC_HEADERS 1
| #define HAVE_SYS_TYPES_H 1
| #define HAVE_SYS_STAT_H 1
| #define HAVE_STDLIB_H 1
| #define HAVE_STRING_H 1
| #define HAVE_MEMORY_H 1
| #define HAVE_STRINGS_H 1
| #define HAVE_INTTYPES_H 1
| #define HAVE_STDINT_H 1
| #define HAVE_UNISTD_H 1
| #define HAVE_SYS_PARAM_H 1
| #define USE_THREAD_ALLOC 1
| #define _REENTRANT 1
| #define _THREAD_SAFE 1
| #define HAVE_PTHREAD_ATTR_SETSTACKSIZE 1
| #define HAVE_PTHREAD_ATFORK 1
| #define TCL_THREADS 1
| #define TCL_CFGVAL_ENCODING "iso8859-1"
| /* end confdefs.h.  */
| 
| 
| int
| main ()
| {
| main ();
|   ;
|   return 0;
| }
configure:5003: result: no
configure:5019: checking net/errno.h usability
configure:5031: pgcc -c   conftest.c >&5
"conftest.c", line 61: catastrophic error: cannot open source file "net/errno.h"
  #include <net/errno.h>
                        ^

1 catastrophic error detected in the compilation of "conftest.c".
Compilation terminated.
configure:5037: $? = 2
configure: failed program was:
| /* confdefs.h.  */
| 
| #define PACKAGE_NAME "tcl"
| #define PACKAGE_TARNAME "tcl"
| #define PACKAGE_VERSION "8.6"
| #define PACKAGE_STRING "tcl 8.6"
| #define PACKAGE_BUGREPORT ""
| #define STDC_HEADERS 1
| #define HAVE_SYS_TYPES_H 1
| #define HAVE_SYS_STAT_H 1
| #define HAVE_STDLIB_H 1
| #define HAVE_STRING_H 1
| #define HAVE_MEMORY_H 1
| #define HAVE_STRINGS_H 1
| #define HAVE_INTTYPES_H 1
| #define HAVE_STDINT_H 1
| #define HAVE_UNISTD_H 1
| #define HAVE_SYS_PARAM_H 1
| #define USE_THREAD_ALLOC 1
| #define _REENTRANT 1
| #define _THREAD_SAFE 1
| #define HAVE_PTHREAD_ATTR_SETSTACKSIZE 1
| #define HAVE_PTHREAD_ATFORK 1
| #define TCL_THREADS 1
| #define TCL_CFGVAL_ENCODING "iso8859-1"
| /* end confdefs.h.  */
| #include <stdio.h>
| #if HAVE_SYS_TYPES_H
| # include <sys/types.h>
| #endif
| #if HAVE_SYS_STAT_H
| # include <sys/stat.h>
| #endif
| #if STDC_HEADERS
| # include <stdlib.h>
| # include <stddef.h>
| #else
| # if HAVE_STDLIB_H
| #  include <stdlib.h>
| # endif
| #endif
| #if HAVE_STRING_H
| # if !STDC_HEADERS && HAVE_MEMORY_H
| #  include <memory.h>
| # endif
| # include <string.h>
| #endif
| #if HAVE_STRINGS_H
| # include <strings.h>
| #endif
| #if HAVE_INTTYPES_H
| # include <inttypes.h>
| #else
| # if HAVE_STDINT_H
| #  include <stdint.h>
| # endif
| #endif
| #if HAVE_UNISTD_H
| # include <unistd.h>
| #endif
| #include <net/errno.h>
configure:5060: result: no
configure:5064: checking net/errno.h presence
configure:5074: cpp  conftest.c
conftest.c:27:10: fatal error: net/errno.h: No such file or directory
 #include <net/errno.h>
          ^~~~~~~~~~~~~
compilation terminated.
configure:5080: $? = 1
configure: failed program was:
| /* confdefs.h.  */
| 
| #define PACKAGE_NAME "tcl"
| #define PACKAGE_TARNAME "tcl"
| #define PACKAGE_VERSION "8.6"
| #define PACKAGE_STRING "tcl 8.6"
| #define PACKAGE_BUGREPORT ""
| #define STDC_HEADERS 1
| #define HAVE_SYS_TYPES_H 1
| #define HAVE_SYS_STAT_H 1
| #define HAVE_STDLIB_H 1
| #define HAVE_STRING_H 1
| #define HAVE_MEMORY_H 1
| #define HAVE_STRINGS_H 1
| #define HAVE_INTTYPES_H 1
| #define HAVE_STDINT_H 1
| #define HAVE_UNISTD_H 1
| #define HAVE_SYS_PARAM_H 1
| #define USE_THREAD_ALLOC 1
| #define _REENTRANT 1
| #define _THREAD_SAFE 1
| #define HAVE_PTHREAD_ATTR_SETSTACKSIZE 1
| #define HAVE_PTHREAD_ATFORK 1
| #define TCL_THREADS 1
| #define TCL_CFGVAL_ENCODING "iso8859-1"
| /* end confdefs.h.  */
| #include <net/errno.h>
configure:5100: result: no
configure:5135: checking for net/errno.h
configure:5142: result: no
configure:5176: checking for connect
configure:5233: pgcc -o conftest    conftest.c  >&5
"conftest.c", line 69: warning: statement is unreachable
    return 0;
    ^

configure:5239: $? = 0
configure:5243: test -z 
			 || test ! -s conftest.err
configure:5246: $? = 0
configure:5249: test -s conftest
configure:5252: $? = 0
configure:5264: result: yes
configure:5539: checking for gethostbyname
configure:5596: pgcc -o conftest    conftest.c  >&5
"conftest.c", line 69: warning: statement is unreachable
    return 0;
    ^

configure:5602: $? = 0
configure:5606: test -z 
			 || test ! -s conftest.err
configure:5609: $? = 0
configure:5612: test -s conftest
configure:5615: $? = 0
configure:5627: result: yes
configure:5708: checking how to build libraries
configure:5718: result: shared
configure:5741: checking for tclsh
configure:5765: result: /usr/bin/tclsh8.5
configure:5794: checking zlib.h usability
configure:5806: pgcc -c   conftest.c >&5
configure:5812: $? = 0
configure:5816: test -z 
			 || test ! -s conftest.err
configure:5819: $? = 0
configure:5822: test -s conftest.o
configure:5825: $? = 0
configure:5835: result: yes
configure:5839: checking zlib.h presence
configure:5849: cpp  conftest.c
configure:5855: $? = 0
configure:5875: result: yes
configure:5910: checking for zlib.h
configure:5917: result: yes
configure:5923: checking for gz_header
configure:5948: pgcc -c   conftest.c >&5
"conftest.c", line 37: warning: statement is unreachable
    return 0;
    ^

configure:5954: $? = 0
configure:5958: test -z 
			 || test ! -s conftest.err
configure:5961: $? = 0
configure:5964: test -s conftest.o
configure:5967: $? = 0
configure:5978: result: yes
configure:5994: checking for library containing deflateSetHeader
configure:6024: pgcc -o conftest    conftest.c  -lpthread >&5
/tmp/nvc8Z0f0pYrnJqW.o: In function `main':
/home/adjoua/tinkerhp/pmerel/v1.2/tcl8.6.13/unix/conftest.c:38: undefined reference to `deflateSetHeader'
configure:6030: $? = 2
configure: failed program was:
| /* confdefs.h.  */
| 
| #define PACKAGE_NAME "tcl"
| #define PACKAGE_TARNAME "tcl"
| #define PACKAGE_VERSION "8.6"
| #define PACKAGE_STRING "tcl 8.6"
| #define PACKAGE_BUGREPORT ""
| #define STDC_HEADERS 1
| #define HAVE_SYS_TYPES_H 1
| #define HAVE_SYS_STAT_H 1
| #define HAVE_STDLIB_H 1
| #define HAVE_STRING_H 1
| #define HAVE_MEMORY_H 1
| #define HAVE_STRINGS_H 1
| #define HAVE_INTTYPES_H 1
| #define HAVE_STDINT_H 1
| #define HAVE_UNISTD_H 1
| #define HAVE_SYS_PARAM_H 1
| #define USE_THREAD_ALLOC 1
| #define _REENTRANT 1
| #define _THREAD_SAFE 1
| #define HAVE_PTHREAD_ATTR_SETSTACKSIZE 1
| #define HAVE_PTHREAD_ATFORK 1
| #define TCL_THREADS 1
| #define TCL_CFGVAL_ENCODING "iso8859-1"
| /* end confdefs.h.  */
| 
| /* Override any gcc2 internal prototype to avoid an error.  */
| #ifdef __cplusplus
| extern "C"
| #endif
| /* We use char because int might match the return type of a gcc2
|    builtin and then its argument prototype would still apply.  */
| char deflateSetHeader ();
| int
| main ()
| {
| deflateSetHeader ();
|   ;
|   return 0;
| }
configure:6079: pgcc -o conftest    conftest.c -lz   -lpthread >&5
configure:6085: $? = 0
configure:6089: test -z 
			 || test ! -s conftest.err
configure:6092: $? = 0
configure:6095: test -s conftest
configure:6098: $? = 0
configure:6113: result: -lz
configure:6190: checking for ranlib
configure:6206: found /usr/bin/ranlib
configure:6217: result: ranlib
configure:6233: checking if 64bit support is requested
configure:6242: result: no
configure:6247: checking if 64bit Sparc VIS support is requested
configure:6256: result: no
configure:6267: checking if compiler supports visibility "hidden"
configure:6292: pgcc -o conftest  -Werror   conftest.c -lz  -lpthread >&5
configure:6298: $? = 0
configure:6302: test -z 
			 || test ! -s conftest.err
configure:6305: $? = 0
configure:6308: test -s conftest
configure:6311: $? = 0
configure:6324: result: yes
configure:6344: checking if rpath support is requested
configure:6353: result: yes
configure:6360: checking system version
configure:6391: result: Linux-3.10.0-1160.45.1.el7.x86_64
configure:6399: checking for dlopen in -ldl
configure:6429: pgcc -o conftest    conftest.c -ldl  -lz  -lpthread >&5
configure:6435: $? = 0
configure:6439: test -z 
			 || test ! -s conftest.err
configure:6442: $? = 0
configure:6445: test -s conftest
configure:6448: $? = 0
configure:6461: result: yes
configure:6542: checking for ar
configure:6558: found /usr/bin/ar
configure:6568: result: ar
configure:8854: checking for cast to union support
configure:8878: pgcc -c   conftest.c >&5
"conftest.c", line 36: warning: variable "f" was declared but never referenced
  		  union foo f = (union foo) (int) 0;
  		            ^

configure:8884: $? = 0
configure:8888: test -z 
			 || test ! -s conftest.err
configure:8891: $? = 0
configure:8894: test -s conftest.o
configure:8897: $? = 0
configure:8909: result: yes
configure:8919: checking for working -fno-lto
configure:8940: pgcc -c  -fno-lto  conftest.c >&5
pgcc-Error-Unknown switch: -fno-lto
configure:8946: $? = 1
configure: failed program was:
| /* confdefs.h.  */
| 
| #define PACKAGE_NAME "tcl"
| #define PACKAGE_TARNAME "tcl"
| #define PACKAGE_VERSION "8.6"
| #define PACKAGE_STRING "tcl 8.6"
| #define PACKAGE_BUGREPORT ""
| #define STDC_HEADERS 1
| #define HAVE_SYS_TYPES_H 1
| #define HAVE_SYS_STAT_H 1
| #define HAVE_STDLIB_H 1
| #define HAVE_STRING_H 1
| #define HAVE_MEMORY_H 1
| #define HAVE_STRINGS_H 1
| #define HAVE_INTTYPES_H 1
| #define HAVE_STDINT_H 1
| #define HAVE_UNISTD_H 1
| #define HAVE_SYS_PARAM_H 1
| #define USE_THREAD_ALLOC 1
| #define _REENTRANT 1
| #define _THREAD_SAFE 1
| #define HAVE_PTHREAD_ATTR_SETSTACKSIZE 1
| #define HAVE_PTHREAD_ATFORK 1
| #define TCL_THREADS 1
| #define TCL_CFGVAL_ENCODING "iso8859-1"
| #define HAVE_ZLIB 1
| #define MODULE_SCOPE extern __attribute__((__visibility__("hidden")))
| #define HAVE_HIDDEN 1
| #define HAVE_CAST_TO_UNION 1
| /* end confdefs.h.  */
| 
| int
| main ()
| {
| 
|   ;
|   return 0;
| }
configure:8971: result: no
configure:9023: checking for build with symbols
configure:9041: result: no
configure:9107: checking for required early compiler flags
configure:9130: pgcc -c   conftest.c >&5
"conftest.c", line 40: warning: variable "p" was declared but never referenced
  char *p = (char *)strtoll; char *q = (char *)strtoull;
        ^

"conftest.c", line 40: warning: variable "q" was declared but never referenced
  char *p = (char *)strtoll; char *q = (char *)strtoull;
                                   ^

configure:9136: $? = 0
configure:9140: test -z 
			 || test ! -s conftest.err
configure:9143: $? = 0
configure:9146: test -s conftest.o
configure:9149: $? = 0
configure:9235: pgcc -c   conftest.c >&5
"conftest.c", line 40: error: incomplete type is not allowed
  struct stat64 buf; int i = stat64("/", &buf);
                ^

"conftest.c", line 40: warning: function "stat64" declared implicitly
  struct stat64 buf; int i = stat64("/", &buf);
                             ^

1 error detected in the compilation of "conftest.c".
configure:9241: $? = 2
configure: failed program was:
| /* confdefs.h.  */
| 
| #define PACKAGE_NAME "tcl"
| #define PACKAGE_TARNAME "tcl"
| #define PACKAGE_VERSION "8.6"
| #define PACKAGE_STRING "tcl 8.6"
| #define PACKAGE_BUGREPORT ""
| #define STDC_HEADERS 1
| #define HAVE_SYS_TYPES_H 1
| #define HAVE_SYS_STAT_H 1
| #define HAVE_STDLIB_H 1
| #define HAVE_STRING_H 1
| #define HAVE_MEMORY_H 1
| #define HAVE_STRINGS_H 1
| #define HAVE_INTTYPES_H 1
| #define HAVE_STDINT_H 1
| #define HAVE_UNISTD_H 1
| #define HAVE_SYS_PARAM_H 1
| #define USE_THREAD_ALLOC 1
| #define _REENTRANT 1
| #define _THREAD_SAFE 1
| #define HAVE_PTHREAD_ATTR_SETSTACKSIZE 1
| #define HAVE_PTHREAD_ATFORK 1
| #define TCL_THREADS 1
| #define TCL_CFGVAL_ENCODING "iso8859-1"
| #define HAVE_ZLIB 1
| #define MODULE_SCOPE extern __attribute__((__visibility__("hidden")))
| #define HAVE_HIDDEN 1
| #define HAVE_CAST_TO_UNION 1
| #define TCL_SHLIB_EXT ".so"
| #define NDEBUG 1
| #define TCL_CFG_OPTIMIZED 1
| #define TCL_TOMMATH 1
| #define MP_PREC 4
| /* end confdefs.h.  */
| #include <sys/stat.h>
| int
| main ()
| {
| struct stat64 buf; int i = stat64("/", &buf);
|   ;
|   return 0;
| }
configure:9278: pgcc -c   conftest.c >&5
configure:9284: $? = 0
configure:9288: test -z 
			 || test ! -s conftest.err
configure:9291: $? = 0
configure:9294: test -s conftest.o
configure:9297: $? = 0
configure:9340: pgcc -c   conftest.c >&5
"conftest.c", line 41: error: identifier "open64" is undefined
  char *p = (char *)open64;
                    ^

1 error detected in the compilation of "conftest.c".
configure:9346: $? = 2
configure: failed program was:
| /* confdefs.h.  */
| 
| #define PACKAGE_NAME "tcl"
| #define PACKAGE_TARNAME "tcl"
| #define PACKAGE_VERSION "8.6"
| #define PACKAGE_STRING "tcl 8.6"
| #define PACKAGE_BUGREPORT ""
| #define STDC_HEADERS 1
| #define HAVE_SYS_TYPES_H 1
| #define HAVE_SYS_STAT_H 1
| #define HAVE_STDLIB_H 1
| #define HAVE_STRING_H 1
| #define HAVE_MEMORY_H 1
| #define HAVE_STRINGS_H 1
| #define HAVE_INTTYPES_H 1
| #define HAVE_STDINT_H 1
| #define HAVE_UNISTD_H 1
| #define HAVE_SYS_PARAM_H 1
| #define USE_THREAD_ALLOC 1
| #define _REENTRANT 1
| #define _THREAD_SAFE 1
| #define HAVE_PTHREAD_ATTR_SETSTACKSIZE 1
| #define HAVE_PTHREAD_ATFORK 1
| #define TCL_THREADS 1
| #define TCL_CFGVAL_ENCODING "iso8859-1"
| #define HAVE_ZLIB 1
| #define MODULE_SCOPE extern __attribute__((__visibility__("hidden")))
| #define HAVE_HIDDEN 1
| #define HAVE_CAST_TO_UNION 1
| #define TCL_SHLIB_EXT ".so"
| #define NDEBUG 1
| #define TCL_CFG_OPTIMIZED 1
| #define TCL_TOMMATH 1
| #define MP_PREC 4
| #define _LARGEFILE64_SOURCE 1
| /* end confdefs.h.  */
| #include <sys/stat.h>
| int
| main ()
| {
| char *p = (char *)open64;
|   ;
|   return 0;
| }
configure:9383: pgcc -c   conftest.c >&5
"conftest.c", line 42: error: identifier "open64" is undefined
  char *p = (char *)open64;
                    ^

1 error detected in the compilation of "conftest.c".
configure:9389: $? = 2
configure: failed program was:
| /* confdefs.h.  */
| 
| #define PACKAGE_NAME "tcl"
| #define PACKAGE_TARNAME "tcl"
| #define PACKAGE_VERSION "8.6"
| #define PACKAGE_STRING "tcl 8.6"
| #define PACKAGE_BUGREPORT ""
| #define STDC_HEADERS 1
| #define HAVE_SYS_TYPES_H 1
| #define HAVE_SYS_STAT_H 1
| #define HAVE_STDLIB_H 1
| #define HAVE_STRING_H 1
| #define HAVE_MEMORY_H 1
| #define HAVE_STRINGS_H 1
| #define HAVE_INTTYPES_H 1
| #define HAVE_STDINT_H 1
| #define HAVE_UNISTD_H 1
| #define HAVE_SYS_PARAM_H 1
| #define USE_THREAD_ALLOC 1
| #define _REENTRANT 1
| #define _THREAD_SAFE 1
| #define HAVE_PTHREAD_ATTR_SETSTACKSIZE 1
| #define HAVE_PTHREAD_ATFORK 1
| #define TCL_THREADS 1
| #define TCL_CFGVAL_ENCODING "iso8859-1"
| #define HAVE_ZLIB 1
| #define MODULE_SCOPE extern __attribute__((__visibility__("hidden")))
| #define HAVE_HIDDEN 1
| #define HAVE_CAST_TO_UNION 1
| #define TCL_SHLIB_EXT ".so"
| #define NDEBUG 1
| #define TCL_CFG_OPTIMIZED 1
| #define TCL_TOMMATH 1
| #define MP_PREC 4
| #define _LARGEFILE64_SOURCE 1
| /* end confdefs.h.  */
| #define _LARGEFILE_SOURCE64 1
| #include <sys/stat.h>
| int
| main ()
| {
| char *p = (char *)open64;
|   ;
|   return 0;
| }
configure:9429: result:  _LARGEFILE64_SOURCE
configure:9435: checking for 64-bit integer type
configure:9459: pgcc -c   conftest.c >&5
"conftest.c", line 41: error: identifier "__int64" is undefined
  __int64 value = (__int64) 0;
  ^

"conftest.c", line 41: error: identifier "__int64" is undefined
  __int64 value = (__int64) 0;
                   ^

"conftest.c", line 41: error: expected a ";"
  __int64 value = (__int64) 0;
                            ^

3 errors detected in the compilation of "conftest.c".
configure:9465: $? = 2
configure: failed program was:
| /* confdefs.h.  */
| 
| #define PACKAGE_NAME "tcl"
| #define PACKAGE_TARNAME "tcl"
| #define PACKAGE_VERSION "8.6"
| #define PACKAGE_STRING "tcl 8.6"
| #define PACKAGE_BUGREPORT ""
| #define STDC_HEADERS 1
| #define HAVE_SYS_TYPES_H 1
| #define HAVE_SYS_STAT_H 1
| #define HAVE_STDLIB_H 1
| #define HAVE_STRING_H 1
| #define HAVE_MEMORY_H 1
| #define HAVE_STRINGS_H 1
| #define HAVE_INTTYPES_H 1
| #define HAVE_STDINT_H 1
| #define HAVE_UNISTD_H 1
| #define HAVE_SYS_PARAM_H 1
| #define USE_THREAD_ALLOC 1
| #define _REENTRANT 1
| #define _THREAD_SAFE 1
| #define HAVE_PTHREAD_ATTR_SETSTACKSIZE 1
| #define HAVE_PTHREAD_ATFORK 1
| #define TCL_THREADS 1
| #define TCL_CFGVAL_ENCODING "iso8859-1"
| #define HAVE_ZLIB 1
| #define MODULE_SCOPE extern __attribute__((__visibility__("hidden")))
| #define HAVE_HIDDEN 1
| #define HAVE_CAST_TO_UNION 1
| #define TCL_SHLIB_EXT ".so"
| #define NDEBUG 1
| #define TCL_CFG_OPTIMIZED 1
| #define TCL_TOMMATH 1
| #define MP_PREC 4
| #define _LARGEFILE64_SOURCE 1
| /* end confdefs.h.  */
| 
| int
| main ()
| {
| __int64 value = (__int64) 0;
|   ;
|   return 0;
| }
configure:9509: pgcc -c   conftest.c >&5
"conftest.c", line 42: error: case label value has already appeared in this switch at line 42
              case 1: case (sizeof(long long)==sizeof(long)): ;
                           ^

1 error detected in the compilation of "conftest.c".
configure:9515: $? = 2
configure: failed program was:
| /* confdefs.h.  */
| 
| #define PACKAGE_NAME "tcl"
| #define PACKAGE_TARNAME "tcl"
| #define PACKAGE_VERSION "8.6"
| #define PACKAGE_STRING "tcl 8.6"
| #define PACKAGE_BUGREPORT ""
| #define STDC_HEADERS 1
| #define HAVE_SYS_TYPES_H 1
| #define HAVE_SYS_STAT_H 1
| #define HAVE_STDLIB_H 1
| #define HAVE_STRING_H 1
| #define HAVE_MEMORY_H 1
| #define HAVE_STRINGS_H 1
| #define HAVE_INTTYPES_H 1
| #define HAVE_STDINT_H 1
| #define HAVE_UNISTD_H 1
| #define HAVE_SYS_PARAM_H 1
| #define USE_THREAD_ALLOC 1
| #define _REENTRANT 1
| #define _THREAD_SAFE 1
| #define HAVE_PTHREAD_ATTR_SETSTACKSIZE 1
| #define HAVE_PTHREAD_ATFORK 1
| #define TCL_THREADS 1
| #define TCL_CFGVAL_ENCODING "iso8859-1"
| #define HAVE_ZLIB 1
| #define MODULE_SCOPE extern __attribute__((__visibility__("hidden")))
| #define HAVE_HIDDEN 1
| #define HAVE_CAST_TO_UNION 1
| #define TCL_SHLIB_EXT ".so"
| #define NDEBUG 1
| #define TCL_CFG_OPTIMIZED 1
| #define TCL_TOMMATH 1
| #define MP_PREC 4
| #define _LARGEFILE64_SOURCE 1
| /* end confdefs.h.  */
| 
| int
| main ()
| {
| switch (0) {
|             case 1: case (sizeof(long long)==sizeof(long)): ;
|         }
|   ;
|   return 0;
| }
configure:9545: result: using long
configure:9926: checking whether byte ordering is bigendian
configure:9953: pgcc -c   conftest.c >&5
configure:9959: $? = 0
configure:9963: test -z 
			 || test ! -s conftest.err
configure:9966: $? = 0
configure:9969: test -s conftest.o
configure:9972: $? = 0
configure:9996: pgcc -c   conftest.c >&5
"conftest.c", line 45: error: identifier "not" is undefined
   not big endian
   ^

"conftest.c", line 45: error: expected a ";"
   not big endian
           ^

"conftest.c", line 48: warning: parsing restarts here after previous syntax error
    ;
    ^

2 errors detected in the compilation of "conftest.c".
configure:10002: $? = 2
configure: failed program was:
| /* confdefs.h.  */
| 
| #define PACKAGE_NAME "tcl"
| #define PACKAGE_TARNAME "tcl"
| #define PACKAGE_VERSION "8.6"
| #define PACKAGE_STRING "tcl 8.6"
| #define PACKAGE_BUGREPORT ""
| #define STDC_HEADERS 1
| #define HAVE_SYS_TYPES_H 1
| #define HAVE_SYS_STAT_H 1
| #define HAVE_STDLIB_H 1
| #define HAVE_STRING_H 1
| #define HAVE_MEMORY_H 1
| #define HAVE_STRINGS_H 1
| #define HAVE_INTTYPES_H 1
| #define HAVE_STDINT_H 1
| #define HAVE_UNISTD_H 1
| #define HAVE_SYS_PARAM_H 1
| #define USE_THREAD_ALLOC 1
| #define _REENTRANT 1
| #define _THREAD_SAFE 1
| #define HAVE_PTHREAD_ATTR_SETSTACKSIZE 1
| #define HAVE_PTHREAD_ATFORK 1
| #define TCL_THREADS 1
| #define TCL_CFGVAL_ENCODING "iso8859-1"
| #define HAVE_ZLIB 1
| #define MODULE_SCOPE extern __attribute__((__visibility__("hidden")))
| #define HAVE_HIDDEN 1
| #define HAVE_CAST_TO_UNION 1
| #define TCL_SHLIB_EXT ".so"
| #define NDEBUG 1
| #define TCL_CFG_OPTIMIZED 1
| #define TCL_TOMMATH 1
| #define MP_PREC 4
| #define _LARGEFILE64_SOURCE 1
| #define TCL_WIDE_INT_IS_LONG 1
| /* end confdefs.h.  */
| #include <sys/types.h>
| #include <sys/param.h>
| 
| int
| main ()
| {
| #if BYTE_ORDER != BIG_ENDIAN
|  not big endian
| #endif
| 
|   ;
|   return 0;
| }
configure:10137: result: no
configure:10167: checking for getcwd
configure:10224: pgcc -o conftest    -Wl,--export-dynamic  conftest.c -lz  -lpthread >&5
"conftest.c", line 80: warning: statement is unreachable
    return 0;
    ^

configure:10230: $? = 0
configure:10234: test -z 
			 || test ! -s conftest.err
configure:10237: $? = 0
configure:10240: test -s conftest
configure:10243: $? = 0
configure:10255: result: yes
configure:10281: checking for mkstemp
configure:10338: pgcc -o conftest    -Wl,--export-dynamic  conftest.c -lz  -lpthread >&5
"conftest.c", line 81: warning: statement is unreachable
    return 0;
    ^

configure:10344: $? = 0
configure:10348: test -z 
			 || test ! -s conftest.err
configure:10351: $? = 0
configure:10354: test -s conftest
configure:10357: $? = 0
configure:10369: result: yes
configure:10281: checking for opendir
configure:10338: pgcc -o conftest    -Wl,--export-dynamic  conftest.c -lz  -lpthread >&5
"conftest.c", line 82: warning: statement is unreachable
    return 0;
    ^

configure:10344: $? = 0
configure:10348: test -z 
			 || test ! -s conftest.err
configure:10351: $? = 0
configure:10354: test -s conftest
configure:10357: $? = 0
configure:10369: result: yes
configure:10281: checking for strtol
configure:10338: pgcc -o conftest    -Wl,--export-dynamic  conftest.c -lz  -lpthread >&5
"conftest.c", line 83: warning: statement is unreachable
    return 0;
    ^

configure:10344: $? = 0
configure:10348: test -z 
			 || test ! -s conftest.err
configure:10351: $? = 0
configure:10354: test -s conftest
configure:10357: $? = 0
configure:10369: result: yes
configure:10281: checking for waitpid
configure:10338: pgcc -o conftest    -Wl,--export-dynamic  conftest.c -lz  -lpthread >&5
"conftest.c", line 84: warning: statement is unreachable
    return 0;
    ^

configure:10344: $? = 0
configure:10348: test -z 
			 || test ! -s conftest.err
configure:10351: $? = 0
configure:10354: test -s conftest
configure:10357: $? = 0
configure:10369: result: yes
configure:10389: checking for strerror
configure:10446: pgcc -o conftest    -Wl,--export-dynamic  conftest.c -lz  -lpthread >&5
"conftest.c", line 85: warning: statement is unreachable
    return 0;
    ^

configure:10452: $? = 0
configure:10456: test -z 
			 || test ! -s conftest.err
configure:10459: $? = 0
configure:10462: test -s conftest
configure:10465: $? = 0
configure:10477: result: yes
configure:10489: checking for getwd
configure:10546: pgcc -o conftest    -Wl,--export-dynamic  conftest.c -lz  -lpthread >&5
"conftest.c", line 85: warning: statement is unreachable
    return 0;
    ^

/tmp/nvcZ58fz51sNYRn.o: In function `main':
/home/adjoua/tinkerhp/pmerel/v1.2/tcl8.6.13/unix/conftest.c:83: warning: the `getwd' function is dangerous and should not be used.
configure:10552: $? = 0
configure:10556: test -z 
			 || test ! -s conftest.err
configure:10559: $? = 0
configure:10562: test -s conftest
configure:10565: $? = 0
configure:10577: result: yes
configure:10589: checking for wait3
configure:10646: pgcc -o conftest    -Wl,--export-dynamic  conftest.c -lz  -lpthread >&5
"conftest.c", line 85: warning: statement is unreachable
    return 0;
    ^

configure:10652: $? = 0
configure:10656: test -z 
			 || test ! -s conftest.err
configure:10659: $? = 0
configure:10662: test -s conftest
configure:10665: $? = 0
configure:10677: result: yes
configure:10689: checking for uname
configure:10746: pgcc -o conftest    -Wl,--export-dynamic  conftest.c -lz  -lpthread >&5
"conftest.c", line 85: warning: statement is unreachable
    return 0;
    ^

configure:10752: $? = 0
configure:10756: test -z 
			 || test ! -s conftest.err
configure:10759: $? = 0
configure:10762: test -s conftest
configure:10765: $? = 0
configure:10777: result: yes
configure:10796: checking for realpath
configure:10853: pgcc -o conftest    -Wl,--export-dynamic  conftest.c -lz  -lpthread >&5
"conftest.c", line 85: warning: statement is unreachable
    return 0;
    ^

configure:10859: $? = 0
configure:10863: test -z 
			 || test ! -s conftest.err
configure:10866: $? = 0
configure:10869: test -s conftest
configure:10872: $? = 0
configure:10884: result: yes
configure:10906: checking for getnameinfo
configure:10963: pgcc -o conftest    -Wl,--export-dynamic  conftest.c -lz  -lpthread >&5
"conftest.c", line 85: warning: statement is unreachable
    return 0;
    ^

configure:10969: $? = 0
configure:10973: test -z 
			 || test ! -s conftest.err
configure:10976: $? = 0
configure:10979: test -s conftest
configure:10982: $? = 0
configure:10994: result: yes
configure:10906: checking for getaddrinfo
configure:10963: pgcc -o conftest    -Wl,--export-dynamic  conftest.c -lz  -lpthread >&5
"conftest.c", line 86: warning: statement is unreachable
    return 0;
    ^

configure:10969: $? = 0
configure:10973: test -z 
			 || test ! -s conftest.err
configure:10976: $? = 0
configure:10979: test -s conftest
configure:10982: $? = 0
configure:10994: result: yes
configure:10906: checking for freeaddrinfo
configure:10963: pgcc -o conftest    -Wl,--export-dynamic  conftest.c -lz  -lpthread >&5
"conftest.c", line 87: warning: statement is unreachable
    return 0;
    ^

configure:10969: $? = 0
configure:10973: test -z 
			 || test ! -s conftest.err
configure:10976: $? = 0
configure:10979: test -s conftest
configure:10982: $? = 0
configure:10994: result: yes
configure:10906: checking for gai_strerror
configure:10963: pgcc -o conftest    -Wl,--export-dynamic  conftest.c -lz  -lpthread >&5
"conftest.c", line 88: warning: statement is unreachable
    return 0;
    ^

configure:10969: $? = 0
configure:10973: test -z 
			 || test ! -s conftest.err
configure:10976: $? = 0
configure:10979: test -s conftest
configure:10982: $? = 0
configure:10994: result: yes
configure:11006: checking for struct addrinfo
configure:11036: pgcc -c   conftest.c >&5
"conftest.c", line 62: warning: statement is unreachable
    return 0;
    ^

configure:11042: $? = 0
configure:11046: test -z 
			 || test ! -s conftest.err
configure:11049: $? = 0
configure:11052: test -s conftest.o
configure:11055: $? = 0
configure:11066: result: yes
configure:11078: checking for struct in6_addr
configure:11108: pgcc -c   conftest.c >&5
"conftest.c", line 63: warning: statement is unreachable
    return 0;
    ^

configure:11114: $? = 0
configure:11118: test -z 
			 || test ! -s conftest.err
configure:11121: $? = 0
configure:11124: test -s conftest.o
configure:11127: $? = 0
configure:11138: result: yes
configure:11150: checking for struct sockaddr_in6
configure:11180: pgcc -c   conftest.c >&5
"conftest.c", line 64: warning: statement is unreachable
    return 0;
    ^

configure:11186: $? = 0
configure:11190: test -z 
			 || test ! -s conftest.err
configure:11193: $? = 0
configure:11196: test -s conftest.o
configure:11199: $? = 0
configure:11210: result: yes
configure:11222: checking for struct sockaddr_storage
configure:11252: pgcc -c   conftest.c >&5
"conftest.c", line 65: warning: statement is unreachable
    return 0;
    ^

configure:11258: $? = 0
configure:11262: test -z 
			 || test ! -s conftest.err
configure:11265: $? = 0
configure:11268: test -s conftest.o
configure:11271: $? = 0
configure:11282: result: yes
configure:11408: checking for getpwuid_r
configure:11465: pgcc -o conftest    -Wl,--export-dynamic  conftest.c -lz  -lpthread >&5
"conftest.c", line 93: warning: statement is unreachable
    return 0;
    ^

configure:11471: $? = 0
configure:11475: test -z 
			 || test ! -s conftest.err
configure:11478: $? = 0
configure:11481: test -s conftest
configure:11484: $? = 0
configure:11496: result: yes
configure:11500: checking for getpwuid_r with 5 args
configure:11532: pgcc -c   conftest.c >&5
"conftest.c", line 64: warning: variable "uid" is used before its value is set
  	(void) getpwuid_r(uid, &pw, buf, buflen, &pwp);
  	                  ^

configure:11538: $? = 0
configure:11542: test -z 
			 || test ! -s conftest.err
configure:11545: $? = 0
configure:11548: test -s conftest.o
configure:11551: $? = 0
configure:11562: result: yes
configure:11655: checking for getpwnam_r
configure:11712: pgcc -o conftest    -Wl,--export-dynamic  conftest.c -lz  -lpthread >&5
"conftest.c", line 95: warning: statement is unreachable
    return 0;
    ^

configure:11718: $? = 0
configure:11722: test -z 
			 || test ! -s conftest.err
configure:11725: $? = 0
configure:11728: test -s conftest
configure:11731: $? = 0
configure:11743: result: yes
configure:11747: checking for getpwnam_r with 5 args
configure:11779: pgcc -c   conftest.c >&5
"conftest.c", line 66: warning: variable "name" is used before its value is set
  	(void) getpwnam_r(name, &pw, buf, buflen, &pwp);
  	                  ^

configure:11785: $? = 0
configure:11789: test -z 
			 || test ! -s conftest.err
configure:11792: $? = 0
configure:11795: test -s conftest.o
configure:11798: $? = 0
configure:11809: result: yes
configure:11902: checking for getgrgid_r
configure:11959: pgcc -o conftest    -Wl,--export-dynamic  conftest.c -lz  -lpthread >&5
"conftest.c", line 97: warning: statement is unreachable
    return 0;
    ^

configure:11965: $? = 0
configure:11969: test -z 
			 || test ! -s conftest.err
configure:11972: $? = 0
configure:11975: test -s conftest
configure:11978: $? = 0
configure:11990: result: yes
configure:11994: checking for getgrgid_r with 5 args
configure:12026: pgcc -c   conftest.c >&5
"conftest.c", line 68: warning: variable "gid" is used before its value is set
  	(void) getgrgid_r(gid, &gr, buf, buflen, &grp);
  	                  ^

configure:12032: $? = 0
configure:12036: test -z 
			 || test ! -s conftest.err
configure:12039: $? = 0
configure:12042: test -s conftest.o
configure:12045: $? = 0
configure:12056: result: yes
configure:12149: checking for getgrnam_r
configure:12206: pgcc -o conftest    -Wl,--export-dynamic  conftest.c -lz  -lpthread >&5
"conftest.c", line 99: warning: statement is unreachable
    return 0;
    ^

configure:12212: $? = 0
configure:12216: test -z 
			 || test ! -s conftest.err
configure:12219: $? = 0
configure:12222: test -s conftest
configure:12225: $? = 0
configure:12237: result: yes
configure:12241: checking for getgrnam_r with 5 args
configure:12273: pgcc -c   conftest.c >&5
"conftest.c", line 70: warning: variable "name" is used before its value is set
  	(void) getgrnam_r(name, &gr, buf, buflen, &grp);
  	                  ^

configure:12279: $? = 0
configure:12283: test -z 
			 || test ! -s conftest.err
configure:12286: $? = 0
configure:12289: test -s conftest.o
configure:12292: $? = 0
configure:12303: result: yes
configure:12431: checking whether gethostbyname_r is declared
configure:12456: pgcc -c   conftest.c >&5
"conftest.c", line 65: warning: variable "p" was declared but never referenced
    char *p = (char *) gethostbyname_r;
          ^

configure:12462: $? = 0
configure:12466: test -z 
			 || test ! -s conftest.err
configure:12469: $? = 0
configure:12472: test -s conftest.o
configure:12475: $? = 0
configure:12486: result: yes
configure:12508: checking for gethostbyname_r
configure:12565: pgcc -o conftest    -Wl,--export-dynamic  conftest.c -lz  -lpthread >&5
"conftest.c", line 102: warning: statement is unreachable
    return 0;
    ^

configure:12571: $? = 0
configure:12575: test -z 
			 || test ! -s conftest.err
configure:12578: $? = 0
configure:12581: test -s conftest
configure:12584: $? = 0
configure:12596: result: yes
configure:12600: checking for gethostbyname_r with 6 args
configure:12632: pgcc -c   conftest.c >&5
"conftest.c", line 73: warning: variable "name" is used before its value is set
  	(void) gethostbyname_r(name, he, buffer, buflen, &res, &h_errnop);
  	                       ^

"conftest.c", line 73: warning: variable "he" is used before its value is set
  	(void) gethostbyname_r(name, he, buffer, buflen, &res, &h_errnop);
  	                             ^

configure:12638: $? = 0
configure:12642: test -z 
			 || test ! -s conftest.err
configure:12645: $? = 0
configure:12648: test -s conftest.o
configure:12651: $? = 0
configure:12662: result: yes
configure:12830: checking whether gethostbyaddr_r is declared
configure:12855: pgcc -c   conftest.c >&5
"conftest.c", line 68: warning: variable "p" was declared but never referenced
    char *p = (char *) gethostbyaddr_r;
          ^

configure:12861: $? = 0
configure:12865: test -z 
			 || test ! -s conftest.err
configure:12868: $? = 0
configure:12871: test -s conftest.o
configure:12874: $? = 0
configure:12885: result: yes
configure:12907: checking for gethostbyaddr_r
configure:12964: pgcc -o conftest    -Wl,--export-dynamic  conftest.c -lz  -lpthread >&5
"conftest.c", line 105: warning: statement is unreachable
    return 0;
    ^

configure:12970: $? = 0
configure:12974: test -z 
			 || test ! -s conftest.err
configure:12977: $? = 0
configure:12980: test -s conftest
configure:12983: $? = 0
configure:12995: result: yes
configure:12999: checking for gethostbyaddr_r with 7 args
configure:13034: pgcc -c   conftest.c >&5
"conftest.c", line 79: warning: argument of type "int *" is incompatible with parameter of type "struct hostent **__restrict__"
  			       &h_errnop);
  			       ^

"conftest.c", line 79: error: too few arguments in function call
  			       &h_errnop);
  			                ^

"conftest.c", line 78: warning: variable "addr" is used before its value is set
  	(void) gethostbyaddr_r(addr, length, type, result, buffer, buflen,
  	                       ^

"conftest.c", line 78: warning: variable "length" is used before its value is set
  	(void) gethostbyaddr_r(addr, length, type, result, buffer, buflen,
  	                             ^

"conftest.c", line 78: warning: variable "type" is used before its value is set
  	(void) gethostbyaddr_r(addr, length, type, result, buffer, buflen,
  	                                     ^

"conftest.c", line 78: warning: variable "result" is used before its value is set
  	(void) gethostbyaddr_r(addr, length, type, result, buffer, buflen,
  	                                           ^

1 error detected in the compilation of "conftest.c".
configure:13040: $? = 2
configure: failed program was:
| /* confdefs.h.  */
| 
| #define PACKAGE_NAME "tcl"
| #define PACKAGE_TARNAME "tcl"
| #define PACKAGE_VERSION "8.6"
| #define PACKAGE_STRING "tcl 8.6"
| #define PACKAGE_BUGREPORT ""
| #define STDC_HEADERS 1
| #define HAVE_SYS_TYPES_H 1
| #define HAVE_SYS_STAT_H 1
| #define HAVE_STDLIB_H 1
| #define HAVE_STRING_H 1
| #define HAVE_MEMORY_H 1
| #define HAVE_STRINGS_H 1
| #define HAVE_INTTYPES_H 1
| #define HAVE_STDINT_H 1
| #define HAVE_UNISTD_H 1
| #define HAVE_SYS_PARAM_H 1
| #define USE_THREAD_ALLOC 1
| #define _REENTRANT 1
| #define _THREAD_SAFE 1
| #define HAVE_PTHREAD_ATTR_SETSTACKSIZE 1
| #define HAVE_PTHREAD_ATFORK 1
| #define TCL_THREADS 1
| #define TCL_CFGVAL_ENCODING "iso8859-1"
| #define HAVE_ZLIB 1
| #define MODULE_SCOPE extern __attribute__((__visibility__("hidden")))
| #define HAVE_HIDDEN 1
| #define HAVE_CAST_TO_UNION 1
| #define TCL_SHLIB_EXT ".so"
| #define NDEBUG 1
| #define TCL_CFG_OPTIMIZED 1
| #define TCL_TOMMATH 1
| #define MP_PREC 4
| #define _LARGEFILE64_SOURCE 1
| #define TCL_WIDE_INT_IS_LONG 1
| #define HAVE_GETCWD 1
| #define HAVE_MKSTEMP 1
| #define HAVE_OPENDIR 1
| #define HAVE_STRTOL 1
| #define HAVE_WAITPID 1
| #define HAVE_GETNAMEINFO 1
| #define HAVE_GETADDRINFO 1
| #define HAVE_FREEADDRINFO 1
| #define HAVE_GAI_STRERROR 1
| #define HAVE_STRUCT_ADDRINFO 1
| #define HAVE_STRUCT_IN6_ADDR 1
| #define HAVE_STRUCT_SOCKADDR_IN6 1
| #define HAVE_STRUCT_SOCKADDR_STORAGE 1
| #define HAVE_GETPWUID_R_5 1
| #define HAVE_GETPWUID_R 1
| #define HAVE_GETPWNAM_R_5 1
| #define HAVE_GETPWNAM_R 1
| #define HAVE_GETGRGID_R_5 1
| #define HAVE_GETGRGID_R 1
| #define HAVE_GETGRNAM_R_5 1
| #define HAVE_GETGRNAM_R 1
| #define HAVE_DECL_GETHOSTBYNAME_R 1
| #define HAVE_GETHOSTBYNAME_R_6 1
| #define HAVE_GETHOSTBYNAME_R 1
| #define HAVE_DECL_GETHOSTBYADDR_R 1
| /* end confdefs.h.  */
| 
| 	#include <netdb.h>
| 
| int
| main ()
| {
| 
| 	char *addr;
| 	int length;
| 	int type;
| 	struct hostent *result;
| 	char buffer[2048];
| 	int buflen = 2048;
| 	int h_errnop;
| 
| 	(void) gethostbyaddr_r(addr, length, type, result, buffer, buflen,
| 			       &h_errnop);
| 
|   ;
|   return 0;
| }
configure:13064: result: no
configure:13074: checking for gethostbyaddr_r with 8 args
configure:13109: pgcc -c   conftest.c >&5
"conftest.c", line 78: warning: variable "addr" is used before its value is set
  	    (void) gethostbyaddr_r(addr, length, type, result, buffer, buflen,
  	                           ^

"conftest.c", line 78: warning: variable "length" is used before its value is set
  	    (void) gethostbyaddr_r(addr, length, type, result, buffer, buflen,
  	                                 ^

"conftest.c", line 78: warning: variable "type" is used before its value is set
  	    (void) gethostbyaddr_r(addr, length, type, result, buffer, buflen,
  	                                         ^

"conftest.c", line 78: warning: variable "result" is used before its value is set
  	    (void) gethostbyaddr_r(addr, length, type, result, buffer, buflen,
  	                                               ^

configure:13115: $? = 0
configure:13119: test -z 
			 || test ! -s conftest.err
configure:13122: $? = 0
configure:13125: test -s conftest.o
configure:13128: $? = 0
configure:13139: result: yes
configure:13188: checking termios.h usability
configure:13200: pgcc -c   conftest.c >&5
configure:13206: $? = 0
configure:13210: test -z 
			 || test ! -s conftest.err
configure:13213: $? = 0
configure:13216: test -s conftest.o
configure:13219: $? = 0
configure:13229: result: yes
configure:13233: checking termios.h presence
configure:13243: cpp  conftest.c
configure:13249: $? = 0
configure:13269: result: yes
configure:13304: checking for termios.h
configure:13311: result: yes
configure:13338: checking sys/ioctl.h usability
configure:13350: pgcc -c   conftest.c >&5
configure:13356: $? = 0
configure:13360: test -z 
			 || test ! -s conftest.err
configure:13363: $? = 0
configure:13366: test -s conftest.o
configure:13369: $? = 0
configure:13379: result: yes
configure:13383: checking sys/ioctl.h presence
configure:13393: cpp  conftest.c
configure:13399: $? = 0
configure:13419: result: yes
configure:13454: checking for sys/ioctl.h
configure:13461: result: yes
configure:13488: checking sys/modem.h usability
configure:13500: pgcc -c   conftest.c >&5
"conftest.c", line 101: catastrophic error: cannot open source file "sys/modem.h"
  #include <sys/modem.h>
                        ^

1 catastrophic error detected in the compilation of "conftest.c".
Compilation terminated.
configure:13506: $? = 2
configure: failed program was:
| /* confdefs.h.  */
| 
| #define PACKAGE_NAME "tcl"
| #define PACKAGE_TARNAME "tcl"
| #define PACKAGE_VERSION "8.6"
| #define PACKAGE_STRING "tcl 8.6"
| #define PACKAGE_BUGREPORT ""
| #define STDC_HEADERS 1
| #define HAVE_SYS_TYPES_H 1
| #define HAVE_SYS_STAT_H 1
| #define HAVE_STDLIB_H 1
| #define HAVE_STRING_H 1
| #define HAVE_MEMORY_H 1
| #define HAVE_STRINGS_H 1
| #define HAVE_INTTYPES_H 1
| #define HAVE_STDINT_H 1
| #define HAVE_UNISTD_H 1
| #define HAVE_SYS_PARAM_H 1
| #define USE_THREAD_ALLOC 1
| #define _REENTRANT 1
| #define _THREAD_SAFE 1
| #define HAVE_PTHREAD_ATTR_SETSTACKSIZE 1
| #define HAVE_PTHREAD_ATFORK 1
| #define TCL_THREADS 1
| #define TCL_CFGVAL_ENCODING "iso8859-1"
| #define HAVE_ZLIB 1
| #define MODULE_SCOPE extern __attribute__((__visibility__("hidden")))
| #define HAVE_HIDDEN 1
| #define HAVE_CAST_TO_UNION 1
| #define TCL_SHLIB_EXT ".so"
| #define NDEBUG 1
| #define TCL_CFG_OPTIMIZED 1
| #define TCL_TOMMATH 1
| #define MP_PREC 4
| #define _LARGEFILE64_SOURCE 1
| #define TCL_WIDE_INT_IS_LONG 1
| #define HAVE_GETCWD 1
| #define HAVE_MKSTEMP 1
| #define HAVE_OPENDIR 1
| #define HAVE_STRTOL 1
| #define HAVE_WAITPID 1
| #define HAVE_GETNAMEINFO 1
| #define HAVE_GETADDRINFO 1
| #define HAVE_FREEADDRINFO 1
| #define HAVE_GAI_STRERROR 1
| #define HAVE_STRUCT_ADDRINFO 1
| #define HAVE_STRUCT_IN6_ADDR 1
| #define HAVE_STRUCT_SOCKADDR_IN6 1
| #define HAVE_STRUCT_SOCKADDR_STORAGE 1
| #define HAVE_GETPWUID_R_5 1
| #define HAVE_GETPWUID_R 1
| #define HAVE_GETPWNAM_R_5 1
| #define HAVE_GETPWNAM_R 1
| #define HAVE_GETGRGID_R_5 1
| #define HAVE_GETGRGID_R 1
| #define HAVE_GETGRNAM_R_5 1
| #define HAVE_GETGRNAM_R 1
| #define HAVE_DECL_GETHOSTBYNAME_R 1
| #define HAVE_GETHOSTBYNAME_R_6 1
| #define HAVE_GETHOSTBYNAME_R 1
| #define HAVE_DECL_GETHOSTBYADDR_R 1
| #define HAVE_GETHOSTBYADDR_R_8 1
| #define HAVE_GETHOSTBYADDR_R 1
| #define HAVE_TERMIOS_H 1
| #define HAVE_SYS_IOCTL_H 1
| /* end confdefs.h.  */
| #include <stdio.h>
| #if HAVE_SYS_TYPES_H
| # include <sys/types.h>
| #endif
| #if HAVE_SYS_STAT_H
| # include <sys/stat.h>
| #endif
| #if STDC_HEADERS
| # include <stdlib.h>
| # include <stddef.h>
| #else
| # if HAVE_STDLIB_H
| #  include <stdlib.h>
| # endif
| #endif
| #if HAVE_STRING_H
| # if !STDC_HEADERS && HAVE_MEMORY_H
| #  include <memory.h>
| # endif
| # include <string.h>
| #endif
| #if HAVE_STRINGS_H
| # include <strings.h>
| #endif
| #if HAVE_INTTYPES_H
| # include <inttypes.h>
| #else
| # if HAVE_STDINT_H
| #  include <stdint.h>
| # endif
| #endif
| #if HAVE_UNISTD_H
| # include <unistd.h>
| #endif
| #include <sys/modem.h>
configure:13529: result: no
configure:13533: checking sys/modem.h presence
configure:13543: cpp  conftest.c
conftest.c:67:10: fatal error: sys/modem.h: No such file or directory
 #include <sys/modem.h>
          ^~~~~~~~~~~~~
compilation terminated.
configure:13549: $? = 1
configure: failed program was:
| /* confdefs.h.  */
| 
| #define PACKAGE_NAME "tcl"
| #define PACKAGE_TARNAME "tcl"
| #define PACKAGE_VERSION "8.6"
| #define PACKAGE_STRING "tcl 8.6"
| #define PACKAGE_BUGREPORT ""
| #define STDC_HEADERS 1
| #define HAVE_SYS_TYPES_H 1
| #define HAVE_SYS_STAT_H 1
| #define HAVE_STDLIB_H 1
| #define HAVE_STRING_H 1
| #define HAVE_MEMORY_H 1
| #define HAVE_STRINGS_H 1
| #define HAVE_INTTYPES_H 1
| #define HAVE_STDINT_H 1
| #define HAVE_UNISTD_H 1
| #define HAVE_SYS_PARAM_H 1
| #define USE_THREAD_ALLOC 1
| #define _REENTRANT 1
| #define _THREAD_SAFE 1
| #define HAVE_PTHREAD_ATTR_SETSTACKSIZE 1
| #define HAVE_PTHREAD_ATFORK 1
| #define TCL_THREADS 1
| #define TCL_CFGVAL_ENCODING "iso8859-1"
| #define HAVE_ZLIB 1
| #define MODULE_SCOPE extern __attribute__((__visibility__("hidden")))
| #define HAVE_HIDDEN 1
| #define HAVE_CAST_TO_UNION 1
| #define TCL_SHLIB_EXT ".so"
| #define NDEBUG 1
| #define TCL_CFG_OPTIMIZED 1
| #define TCL_TOMMATH 1
| #define MP_PREC 4
| #define _LARGEFILE64_SOURCE 1
| #define TCL_WIDE_INT_IS_LONG 1
| #define HAVE_GETCWD 1
| #define HAVE_MKSTEMP 1
| #define HAVE_OPENDIR 1
| #define HAVE_STRTOL 1
| #define HAVE_WAITPID 1
| #define HAVE_GETNAMEINFO 1
| #define HAVE_GETADDRINFO 1
| #define HAVE_FREEADDRINFO 1
| #define HAVE_GAI_STRERROR 1
| #define HAVE_STRUCT_ADDRINFO 1
| #define HAVE_STRUCT_IN6_ADDR 1
| #define HAVE_STRUCT_SOCKADDR_IN6 1
| #define HAVE_STRUCT_SOCKADDR_STORAGE 1
| #define HAVE_GETPWUID_R_5 1
| #define HAVE_GETPWUID_R 1
| #define HAVE_GETPWNAM_R_5 1
| #define HAVE_GETPWNAM_R 1
| #define HAVE_GETGRGID_R_5 1
| #define HAVE_GETGRGID_R 1
| #define HAVE_GETGRNAM_R_5 1
| #define HAVE_GETGRNAM_R 1
| #define HAVE_DECL_GETHOSTBYNAME_R 1
| #define HAVE_GETHOSTBYNAME_R_6 1
| #define HAVE_GETHOSTBYNAME_R 1
| #define HAVE_DECL_GETHOSTBYADDR_R 1
| #define HAVE_GETHOSTBYADDR_R_8 1
| #define HAVE_GETHOSTBYADDR_R 1
| #define HAVE_TERMIOS_H 1
| #define HAVE_SYS_IOCTL_H 1
| /* end confdefs.h.  */
| #include <sys/modem.h>
configure:13569: result: no
configure:13604: checking for sys/modem.h
configure:13611: result: no
configure:13635: checking for fd_set in sys/types
configure:13657: pgcc -c   conftest.c >&5
"conftest.c", line 71: warning: variable "readMask" was declared but never referenced
  fd_set readMask, writeMask;
         ^

"conftest.c", line 71: warning: variable "writeMask" was declared but never referenced
  fd_set readMask, writeMask;
                   ^

configure:13663: $? = 0
configure:13667: test -z 
			 || test ! -s conftest.err
configure:13670: $? = 0
configure:13673: test -s conftest.o
configure:13676: $? = 0
configure:13687: result: yes
configure:13753: checking sys/time.h usability
configure:13765: pgcc -c   conftest.c >&5
configure:13771: $? = 0
configure:13775: test -z 
			 || test ! -s conftest.err
configure:13778: $? = 0
configure:13781: test -s conftest.o
configure:13784: $? = 0
configure:13794: result: yes
configure:13798: checking sys/time.h presence
configure:13808: cpp  conftest.c
configure:13814: $? = 0
configure:13834: result: yes
configure:13869: checking for sys/time.h
configure:13876: result: yes
configure:13889: checking whether time.h and sys/time.h may both be included
configure:13914: pgcc -c   conftest.c >&5
configure:13920: $? = 0
configure:13924: test -z 
			 || test ! -s conftest.err
configure:13927: $? = 0
configure:13930: test -s conftest.o
configure:13933: $? = 0
configure:13944: result: yes
configure:13961: checking for gmtime_r
configure:14018: pgcc -o conftest    -Wl,--export-dynamic  conftest.c -lz  -lpthread >&5
"conftest.c", line 111: warning: statement is unreachable
    return 0;
    ^

configure:14024: $? = 0
configure:14028: test -z 
			 || test ! -s conftest.err
configure:14031: $? = 0
configure:14034: test -s conftest
configure:14037: $? = 0
configure:14049: result: yes
configure:13961: checking for localtime_r
configure:14018: pgcc -o conftest    -Wl,--export-dynamic  conftest.c -lz  -lpthread >&5
"conftest.c", line 112: warning: statement is unreachable
    return 0;
    ^

configure:14024: $? = 0
configure:14028: test -z 
			 || test ! -s conftest.err
configure:14031: $? = 0
configure:14034: test -s conftest
configure:14037: $? = 0
configure:14049: result: yes
configure:13961: checking for mktime
configure:14018: pgcc -o conftest    -Wl,--export-dynamic  conftest.c -lz  -lpthread >&5
"conftest.c", line 113: warning: statement is unreachable
    return 0;
    ^

configure:14024: $? = 0
configure:14028: test -z 
			 || test ! -s conftest.err
configure:14031: $? = 0
configure:14034: test -s conftest
configure:14037: $? = 0
configure:14049: result: yes
configure:14060: checking tm_tzadj in struct tm
configure:14082: pgcc -c   conftest.c >&5
"conftest.c", line 76: error: struct "tm" has no field "tm_tzadj"
  struct tm tm; (void)tm.tm_tzadj;
                         ^

1 error detected in the compilation of "conftest.c".
configure:14088: $? = 2
configure: failed program was:
| /* confdefs.h.  */
| 
| #define PACKAGE_NAME "tcl"
| #define PACKAGE_TARNAME "tcl"
| #define PACKAGE_VERSION "8.6"
| #define PACKAGE_STRING "tcl 8.6"
| #define PACKAGE_BUGREPORT ""
| #define STDC_HEADERS 1
| #define HAVE_SYS_TYPES_H 1
| #define HAVE_SYS_STAT_H 1
| #define HAVE_STDLIB_H 1
| #define HAVE_STRING_H 1
| #define HAVE_MEMORY_H 1
| #define HAVE_STRINGS_H 1
| #define HAVE_INTTYPES_H 1
| #define HAVE_STDINT_H 1
| #define HAVE_UNISTD_H 1
| #define HAVE_SYS_PARAM_H 1
| #define USE_THREAD_ALLOC 1
| #define _REENTRANT 1
| #define _THREAD_SAFE 1
| #define HAVE_PTHREAD_ATTR_SETSTACKSIZE 1
| #define HAVE_PTHREAD_ATFORK 1
| #define TCL_THREADS 1
| #define TCL_CFGVAL_ENCODING "iso8859-1"
| #define HAVE_ZLIB 1
| #define MODULE_SCOPE extern __attribute__((__visibility__("hidden")))
| #define HAVE_HIDDEN 1
| #define HAVE_CAST_TO_UNION 1
| #define TCL_SHLIB_EXT ".so"
| #define NDEBUG 1
| #define TCL_CFG_OPTIMIZED 1
| #define TCL_TOMMATH 1
| #define MP_PREC 4
| #define _LARGEFILE64_SOURCE 1
| #define TCL_WIDE_INT_IS_LONG 1
| #define HAVE_GETCWD 1
| #define HAVE_MKSTEMP 1
| #define HAVE_OPENDIR 1
| #define HAVE_STRTOL 1
| #define HAVE_WAITPID 1
| #define HAVE_GETNAMEINFO 1
| #define HAVE_GETADDRINFO 1
| #define HAVE_FREEADDRINFO 1
| #define HAVE_GAI_STRERROR 1
| #define HAVE_STRUCT_ADDRINFO 1
| #define HAVE_STRUCT_IN6_ADDR 1
| #define HAVE_STRUCT_SOCKADDR_IN6 1
| #define HAVE_STRUCT_SOCKADDR_STORAGE 1
| #define HAVE_GETPWUID_R_5 1
| #define HAVE_GETPWUID_R 1
| #define HAVE_GETPWNAM_R_5 1
| #define HAVE_GETPWNAM_R 1
| #define HAVE_GETGRGID_R_5 1
| #define HAVE_GETGRGID_R 1
| #define HAVE_GETGRNAM_R_5 1
| #define HAVE_GETGRNAM_R 1
| #define HAVE_DECL_GETHOSTBYNAME_R 1
| #define HAVE_GETHOSTBYNAME_R_6 1
| #define HAVE_GETHOSTBYNAME_R 1
| #define HAVE_DECL_GETHOSTBYADDR_R 1
| #define HAVE_GETHOSTBYADDR_R_8 1
| #define HAVE_GETHOSTBYADDR_R 1
| #define HAVE_TERMIOS_H 1
| #define HAVE_SYS_IOCTL_H 1
| #define HAVE_SYS_TIME_H 1
| #define TIME_WITH_SYS_TIME 1
| #define HAVE_GMTIME_R 1
| #define HAVE_LOCALTIME_R 1
| #define HAVE_MKTIME 1
| /* end confdefs.h.  */
| #include <time.h>
| int
| main ()
| {
| struct tm tm; (void)tm.tm_tzadj;
|   ;
|   return 0;
| }
configure:14112: result: no
configure:14122: checking tm_gmtoff in struct tm
configure:14144: pgcc -c   conftest.c >&5
"conftest.c", line 76: warning: variable "tm" is used before its value is set
  struct tm tm; (void)tm.tm_gmtoff;
                      ^

configure:14150: $? = 0
configure:14154: test -z 
			 || test ! -s conftest.err
configure:14157: $? = 0
configure:14160: test -s conftest.o
configure:14163: $? = 0
configure:14174: result: yes
configure:14188: checking long timezone variable
configure:14213: pgcc -c   conftest.c >&5
configure:14219: $? = 0
configure:14223: test -z 
			 || test ! -s conftest.err
configure:14226: $? = 0
configure:14229: test -s conftest.o
configure:14232: $? = 0
configure:14243: result: yes
configure:14329: checking for struct stat.st_blocks
configure:14352: pgcc -c   conftest.c >&5
configure:14358: $? = 0
configure:14362: test -z 
			 || test ! -s conftest.err
configure:14365: $? = 0
configure:14368: test -s conftest.o
configure:14371: $? = 0
configure:14428: result: yes
configure:14438: checking for struct stat.st_blksize
configure:14461: pgcc -c   conftest.c >&5
configure:14467: $? = 0
configure:14471: test -z 
			 || test ! -s conftest.err
configure:14474: $? = 0
configure:14477: test -s conftest.o
configure:14480: $? = 0
configure:14537: result: yes
configure:14549: checking for blkcnt_t
configure:14573: pgcc -c   conftest.c >&5
"conftest.c", line 118: warning: statement is unreachable
    return 0;
    ^

configure:14579: $? = 0
configure:14583: test -z 
			 || test ! -s conftest.err
configure:14586: $? = 0
configure:14589: test -s conftest.o
configure:14592: $? = 0
configure:14603: result: yes
configure:14614: checking for fstatfs
configure:14671: pgcc -o conftest    -Wl,--export-dynamic  conftest.c -lz  -lpthread >&5
"conftest.c", line 119: warning: statement is unreachable
    return 0;
    ^

configure:14677: $? = 0
configure:14681: test -z 
			 || test ! -s conftest.err
configure:14684: $? = 0
configure:14687: test -s conftest
configure:14690: $? = 0
configure:14702: result: yes
configure:14720: checking for working memcmp
configure:14768: pgcc -o conftest    -Wl,--export-dynamic  conftest.c -lz  -lpthread >&5
configure:14771: $? = 0
configure:14773: ./conftest
configure:14776: $? = 0
configure:14790: result: yes
configure:14808: checking for memmove
configure:14865: pgcc -o conftest    -Wl,--export-dynamic  conftest.c -lz  -lpthread >&5
"conftest.c", line 119: warning: statement is unreachable
    return 0;
    ^

configure:14871: $? = 0
configure:14875: test -z 
			 || test ! -s conftest.err
configure:14878: $? = 0
configure:14881: test -s conftest
configure:14884: $? = 0
configure:14896: result: yes
configure:14921: checking for strstr
configure:14978: pgcc -o conftest    -Wl,--export-dynamic  conftest.c -lz  -lpthread >&5
"conftest.c", line 119: warning: statement is unreachable
    return 0;
    ^

configure:14984: $? = 0
configure:14988: test -z 
			 || test ! -s conftest.err
configure:14991: $? = 0
configure:14994: test -s conftest
configure:14997: $? = 0
configure:15009: result: yes
configure:15018: checking proper strstr implementation
configure:15040: pgcc -o conftest    -Wl,--export-dynamic  conftest.c -lz  -lpthread >&5
configure:15043: $? = 0
configure:15045: ./conftest
configure:15048: $? = 0
configure:15062: result: ok
configure:15090: checking for strtoul
configure:15147: pgcc -o conftest    -Wl,--export-dynamic  conftest.c -lz  -lpthread >&5
"conftest.c", line 119: warning: statement is unreachable
    return 0;
    ^

configure:15153: $? = 0
configure:15157: test -z 
			 || test ! -s conftest.err
configure:15160: $? = 0
configure:15163: test -s conftest
configure:15166: $? = 0
configure:15178: result: yes
configure:15187: checking proper strtoul implementation
configure:15210: pgcc -o conftest    -Wl,--export-dynamic  conftest.c -lz  -lpthread >&5
configure:15213: $? = 0
configure:15215: ./conftest
configure:15218: $? = 0
configure:15232: result: ok
configure:15258: checking for mode_t
configure:15282: pgcc -c   conftest.c >&5
"conftest.c", line 119: warning: statement is unreachable
    return 0;
    ^

configure:15288: $? = 0
configure:15292: test -z 
			 || test ! -s conftest.err
configure:15295: $? = 0
configure:15298: test -s conftest.o
configure:15301: $? = 0
configure:15312: result: yes
configure:15324: checking for pid_t
configure:15348: pgcc -c   conftest.c >&5
"conftest.c", line 119: warning: statement is unreachable
    return 0;
    ^

configure:15354: $? = 0
configure:15358: test -z 
			 || test ! -s conftest.err
configure:15361: $? = 0
configure:15364: test -s conftest.o
configure:15367: $? = 0
configure:15378: result: yes
configure:15390: checking for size_t
configure:15414: pgcc -c   conftest.c >&5
"conftest.c", line 119: warning: statement is unreachable
    return 0;
    ^

configure:15420: $? = 0
configure:15424: test -z 
			 || test ! -s conftest.err
configure:15427: $? = 0
configure:15430: test -s conftest.o
configure:15433: $? = 0
configure:15444: result: yes
configure:15456: checking for uid_t in sys/types.h
configure:15479: result: yes
configure:15495: checking for socklen_t
configure:15522: pgcc -c   conftest.c >&5
"conftest.c", line 85: warning: variable "foo" was declared but never referenced
      	socklen_t foo;
      	          ^

configure:15528: $? = 0
configure:15532: test -z 
			 || test ! -s conftest.err
configure:15535: $? = 0
configure:15538: test -s conftest.o
configure:15541: $? = 0
configure:15552: result: yes
configure:15562: checking for intptr_t
configure:15586: pgcc -c   conftest.c >&5
"conftest.c", line 119: warning: statement is unreachable
    return 0;
    ^

configure:15592: $? = 0
configure:15596: test -z 
			 || test ! -s conftest.err
configure:15599: $? = 0
configure:15602: test -s conftest.o
configure:15605: $? = 0
configure:15616: result: yes
configure:15697: checking for uintptr_t
configure:15721: pgcc -c   conftest.c >&5
"conftest.c", line 120: warning: statement is unreachable
    return 0;
    ^

configure:15727: $? = 0
configure:15731: test -z 
			 || test ! -s conftest.err
configure:15734: $? = 0
configure:15737: test -s conftest.o
configure:15740: $? = 0
configure:15751: result: yes
configure:15841: checking for opendir
configure:15929: result: yes
configure:15950: checking union wait
configure:15977: pgcc -o conftest    -Wl,--export-dynamic  conftest.c -lz  -lpthread >&5
"conftest.c", line 86: warning: variable "x" is used before its value is set
  WIFEXITED(x);		/* Generates compiler error if WIFEXITED
  ^

configure:15983: $? = 0
configure:15987: test -z 
			 || test ! -s conftest.err
configure:15990: $? = 0
configure:15993: test -s conftest
configure:15996: $? = 0
configure:16008: result: yes
configure:16024: checking for strncasecmp
configure:16081: pgcc -o conftest    -Wl,--export-dynamic  conftest.c -lz  -lpthread >&5
"conftest.c", line 121: warning: statement is unreachable
    return 0;
    ^

configure:16087: $? = 0
configure:16091: test -z 
			 || test ! -s conftest.err
configure:16094: $? = 0
configure:16097: test -s conftest
configure:16100: $? = 0
configure:16112: result: yes
configure:16285: checking for gettimeofday
configure:16342: pgcc -o conftest    -Wl,--export-dynamic  conftest.c -lz  -lpthread >&5
"conftest.c", line 121: warning: statement is unreachable
    return 0;
    ^

configure:16348: $? = 0
configure:16352: test -z 
			 || test ! -s conftest.err
configure:16355: $? = 0
configure:16358: test -s conftest
configure:16361: $? = 0
configure:16373: result: yes
configure:16387: checking for gettimeofday declaration
configure:16411: result: present
configure:16428: checking whether char is unsigned
configure:16451: pgcc -c   conftest.c >&5
"conftest.c", line 116: warning: variable "test_array" was set but never used
  static int test_array [1 - 2 * !(((char) -1) < 0)];
             ^

configure:16457: $? = 0
configure:16461: test -z 
			 || test ! -s conftest.err
configure:16464: $? = 0
configure:16467: test -s conftest.o
configure:16470: $? = 0
configure:16481: result: no
configure:16490: checking signed char declarations
configure:16515: pgcc -c   conftest.c >&5
"conftest.c", line 84: warning: variable "p" was set but never used
  	signed char *p;
  	             ^

configure:16521: $? = 0
configure:16525: test -z 
			 || test ! -s conftest.err
configure:16528: $? = 0
configure:16531: test -s conftest.o
configure:16534: $? = 0
configure:16545: result: yes
configure:16559: checking for a putenv() that copies the buffer
configure:16596: pgcc -o conftest    -Wl,--export-dynamic  conftest.c -lz  -lpthread >&5
configure:16599: $? = 0
configure:16601: ./conftest
configure:16604: $? = 0
configure:16618: result: no
configure:16653: checking langinfo.h usability
configure:16665: pgcc -c   conftest.c >&5
configure:16671: $? = 0
configure:16675: test -z 
			 || test ! -s conftest.err
configure:16678: $? = 0
configure:16681: test -s conftest.o
configure:16684: $? = 0
configure:16694: result: yes
configure:16698: checking langinfo.h presence
configure:16708: cpp  conftest.c
configure:16714: $? = 0
configure:16734: result: yes
configure:16769: checking for langinfo.h
configure:16776: result: yes
configure:16788: checking whether to use nl_langinfo
configure:16811: pgcc -c   conftest.c >&5
configure:16817: $? = 0
configure:16821: test -z 
			 || test ! -s conftest.err
configure:16824: $? = 0
configure:16827: test -s conftest.o
configure:16830: $? = 0
configure:16842: result: yes
configure:16866: checking for chflags
configure:16923: pgcc -o conftest    -Wl,--export-dynamic  conftest.c -lz  -lpthread >&5
"conftest.c", line 110: error: identifier "choke" is undefined
  choke me
  ^

"conftest.c", line 118: error: expected a ";"
  int
  ^

At end of source: warning: parsing restarts here after previous syntax error

2 errors detected in the compilation of "conftest.c".
configure:16929: $? = 2
configure: failed program was:
| /* confdefs.h.  */
| 
| #define PACKAGE_NAME "tcl"
| #define PACKAGE_TARNAME "tcl"
| #define PACKAGE_VERSION "8.6"
| #define PACKAGE_STRING "tcl 8.6"
| #define PACKAGE_BUGREPORT ""
| #define STDC_HEADERS 1
| #define HAVE_SYS_TYPES_H 1
| #define HAVE_SYS_STAT_H 1
| #define HAVE_STDLIB_H 1
| #define HAVE_STRING_H 1
| #define HAVE_MEMORY_H 1
| #define HAVE_STRINGS_H 1
| #define HAVE_INTTYPES_H 1
| #define HAVE_STDINT_H 1
| #define HAVE_UNISTD_H 1
| #define HAVE_SYS_PARAM_H 1
| #define USE_THREAD_ALLOC 1
| #define _REENTRANT 1
| #define _THREAD_SAFE 1
| #define HAVE_PTHREAD_ATTR_SETSTACKSIZE 1
| #define HAVE_PTHREAD_ATFORK 1
| #define TCL_THREADS 1
| #define TCL_CFGVAL_ENCODING "iso8859-1"
| #define HAVE_ZLIB 1
| #define MODULE_SCOPE extern __attribute__((__visibility__("hidden")))
| #define HAVE_HIDDEN 1
| #define HAVE_CAST_TO_UNION 1
| #define TCL_SHLIB_EXT ".so"
| #define NDEBUG 1
| #define TCL_CFG_OPTIMIZED 1
| #define TCL_TOMMATH 1
| #define MP_PREC 4
| #define _LARGEFILE64_SOURCE 1
| #define TCL_WIDE_INT_IS_LONG 1
| #define HAVE_GETCWD 1
| #define HAVE_MKSTEMP 1
| #define HAVE_OPENDIR 1
| #define HAVE_STRTOL 1
| #define HAVE_WAITPID 1
| #define HAVE_GETNAMEINFO 1
| #define HAVE_GETADDRINFO 1
| #define HAVE_FREEADDRINFO 1
| #define HAVE_GAI_STRERROR 1
| #define HAVE_STRUCT_ADDRINFO 1
| #define HAVE_STRUCT_IN6_ADDR 1
| #define HAVE_STRUCT_SOCKADDR_IN6 1
| #define HAVE_STRUCT_SOCKADDR_STORAGE 1
| #define HAVE_GETPWUID_R_5 1
| #define HAVE_GETPWUID_R 1
| #define HAVE_GETPWNAM_R_5 1
| #define HAVE_GETPWNAM_R 1
| #define HAVE_GETGRGID_R_5 1
| #define HAVE_GETGRGID_R 1
| #define HAVE_GETGRNAM_R_5 1
| #define HAVE_GETGRNAM_R 1
| #define HAVE_DECL_GETHOSTBYNAME_R 1
| #define HAVE_GETHOSTBYNAME_R_6 1
| #define HAVE_GETHOSTBYNAME_R 1
| #define HAVE_DECL_GETHOSTBYADDR_R 1
| #define HAVE_GETHOSTBYADDR_R_8 1
| #define HAVE_GETHOSTBYADDR_R 1
| #define HAVE_TERMIOS_H 1
| #define HAVE_SYS_IOCTL_H 1
| #define HAVE_SYS_TIME_H 1
| #define TIME_WITH_SYS_TIME 1
| #define HAVE_GMTIME_R 1
| #define HAVE_LOCALTIME_R 1
| #define HAVE_MKTIME 1
| #define HAVE_TM_GMTOFF 1
| #define HAVE_TIMEZONE_VAR 1
| #define HAVE_STRUCT_STAT_ST_BLOCKS 1
| #define HAVE_STRUCT_STAT_ST_BLKSIZE 1
| #define HAVE_BLKCNT_T 1
| #define HAVE_INTPTR_T 1
| #define HAVE_UINTPTR_T 1
| #define HAVE_SIGNED_CHAR 1
| #define HAVE_LANGINFO 1
| /* end confdefs.h.  */
| /* Define chflags to an innocuous variant, in case <limits.h> declares chflags.
|    For example, HP-UX 11i <limits.h> declares gettimeofday.  */
| #define chflags innocuous_chflags
| 
| /* System header to define __stub macros and hopefully few prototypes,
|     which can conflict with char chflags (); below.
|     Prefer <limits.h> to <assert.h> if __STDC__ is defined, since
|     <limits.h> exists even on freestanding compilers.  */
| 
| #ifdef __STDC__
| # include <limits.h>
| #else
| # include <assert.h>
| #endif
| 
| #undef chflags
| 
| /* Override any gcc2 internal prototype to avoid an error.  */
| #ifdef __cplusplus
| extern "C"
| {
| #endif
| /* We use char because int might match the return type of a gcc2
|    builtin and then its argument prototype would still apply.  */
| char chflags ();
| /* The GNU C library defines this for functions which it implements
|     to always fail with ENOSYS.  Some functions are actually named
|     something starting with __ and the normal name is an alias.  */
| #if defined (__stub_chflags) || defined (__stub___chflags)
| choke me
| #else
| char (*f) () = chflags;
| #endif
| #ifdef __cplusplus
| }
| #endif
| 
| int
| main ()
| {
| return f != chflags;
|   ;
|   return 0;
| }
configure:16954: result: no
configure:16866: checking for mkstemps
configure:16923: pgcc -o conftest    -Wl,--export-dynamic  conftest.c -lz  -lpthread >&5
"conftest.c", line 123: warning: statement is unreachable
    return 0;
    ^

configure:16929: $? = 0
configure:16933: test -z 
			 || test ! -s conftest.err
configure:16936: $? = 0
configure:16939: test -s conftest
configure:16942: $? = 0
configure:16954: result: yes
configure:16969: checking isnan
configure:16993: pgcc -o conftest    -Wl,--export-dynamic  conftest.c -lz  -lpthread >&5
configure:16999: $? = 0
configure:17003: test -z 
			 || test ! -s conftest.err
configure:17006: $? = 0
configure:17009: test -s conftest
configure:17012: $? = 0
configure:17024: result: yes
configure:17977: checking for fts
configure:18007: pgcc -o conftest    -Wl,--export-dynamic  conftest.c -lz  -lpthread >&5
configure:18013: $? = 0
configure:18017: test -z 
			 || test ! -s conftest.err
configure:18020: $? = 0
configure:18023: test -s conftest
configure:18026: $? = 0
configure:18038: result: yes
configure:18060: checking for sys/ioctl.h
configure:18065: result: yes
configure:18219: checking sys/filio.h usability
configure:18231: pgcc -c   conftest.c >&5
"conftest.c", line 118: catastrophic error: cannot open source file "sys/filio.h"
  #include <sys/filio.h>
                        ^

1 catastrophic error detected in the compilation of "conftest.c".
Compilation terminated.
configure:18237: $? = 2
configure: failed program was:
| /* confdefs.h.  */
| 
| #define PACKAGE_NAME "tcl"
| #define PACKAGE_TARNAME "tcl"
| #define PACKAGE_VERSION "8.6"
| #define PACKAGE_STRING "tcl 8.6"
| #define PACKAGE_BUGREPORT ""
| #define STDC_HEADERS 1
| #define HAVE_SYS_TYPES_H 1
| #define HAVE_SYS_STAT_H 1
| #define HAVE_STDLIB_H 1
| #define HAVE_STRING_H 1
| #define HAVE_MEMORY_H 1
| #define HAVE_STRINGS_H 1
| #define HAVE_INTTYPES_H 1
| #define HAVE_STDINT_H 1
| #define HAVE_UNISTD_H 1
| #define HAVE_SYS_PARAM_H 1
| #define USE_THREAD_ALLOC 1
| #define _REENTRANT 1
| #define _THREAD_SAFE 1
| #define HAVE_PTHREAD_ATTR_SETSTACKSIZE 1
| #define HAVE_PTHREAD_ATFORK 1
| #define TCL_THREADS 1
| #define TCL_CFGVAL_ENCODING "iso8859-1"
| #define HAVE_ZLIB 1
| #define MODULE_SCOPE extern __attribute__((__visibility__("hidden")))
| #define HAVE_HIDDEN 1
| #define HAVE_CAST_TO_UNION 1
| #define TCL_SHLIB_EXT ".so"
| #define NDEBUG 1
| #define TCL_CFG_OPTIMIZED 1
| #define TCL_TOMMATH 1
| #define MP_PREC 4
| #define _LARGEFILE64_SOURCE 1
| #define TCL_WIDE_INT_IS_LONG 1
| #define HAVE_GETCWD 1
| #define HAVE_MKSTEMP 1
| #define HAVE_OPENDIR 1
| #define HAVE_STRTOL 1
| #define HAVE_WAITPID 1
| #define HAVE_GETNAMEINFO 1
| #define HAVE_GETADDRINFO 1
| #define HAVE_FREEADDRINFO 1
| #define HAVE_GAI_STRERROR 1
| #define HAVE_STRUCT_ADDRINFO 1
| #define HAVE_STRUCT_IN6_ADDR 1
| #define HAVE_STRUCT_SOCKADDR_IN6 1
| #define HAVE_STRUCT_SOCKADDR_STORAGE 1
| #define HAVE_GETPWUID_R_5 1
| #define HAVE_GETPWUID_R 1
| #define HAVE_GETPWNAM_R_5 1
| #define HAVE_GETPWNAM_R 1
| #define HAVE_GETGRGID_R_5 1
| #define HAVE_GETGRGID_R 1
| #define HAVE_GETGRNAM_R_5 1
| #define HAVE_GETGRNAM_R 1
| #define HAVE_DECL_GETHOSTBYNAME_R 1
| #define HAVE_GETHOSTBYNAME_R_6 1
| #define HAVE_GETHOSTBYNAME_R 1
| #define HAVE_DECL_GETHOSTBYADDR_R 1
| #define HAVE_GETHOSTBYADDR_R_8 1
| #define HAVE_GETHOSTBYADDR_R 1
| #define HAVE_TERMIOS_H 1
| #define HAVE_SYS_IOCTL_H 1
| #define HAVE_SYS_TIME_H 1
| #define TIME_WITH_SYS_TIME 1
| #define HAVE_GMTIME_R 1
| #define HAVE_LOCALTIME_R 1
| #define HAVE_MKTIME 1
| #define HAVE_TM_GMTOFF 1
| #define HAVE_TIMEZONE_VAR 1
| #define HAVE_STRUCT_STAT_ST_BLOCKS 1
| #define HAVE_STRUCT_STAT_ST_BLKSIZE 1
| #define HAVE_BLKCNT_T 1
| #define HAVE_INTPTR_T 1
| #define HAVE_UINTPTR_T 1
| #define HAVE_SIGNED_CHAR 1
| #define HAVE_LANGINFO 1
| #define HAVE_MKSTEMPS 1
| #define HAVE_FTS 1
| #define HAVE_SYS_IOCTL_H 1
| /* end confdefs.h.  */
| #include <stdio.h>
| #if HAVE_SYS_TYPES_H
| # include <sys/types.h>
| #endif
| #if HAVE_SYS_STAT_H
| # include <sys/stat.h>
| #endif
| #if STDC_HEADERS
| # include <stdlib.h>
| # include <stddef.h>
| #else
| # if HAVE_STDLIB_H
| #  include <stdlib.h>
| # endif
| #endif
| #if HAVE_STRING_H
| # if !STDC_HEADERS && HAVE_MEMORY_H
| #  include <memory.h>
| # endif
| # include <string.h>
| #endif
| #if HAVE_STRINGS_H
| # include <strings.h>
| #endif
| #if HAVE_INTTYPES_H
| # include <inttypes.h>
| #else
| # if HAVE_STDINT_H
| #  include <stdint.h>
| # endif
| #endif
| #if HAVE_UNISTD_H
| # include <unistd.h>
| #endif
| #include <sys/filio.h>
configure:18260: result: no
configure:18264: checking sys/filio.h presence
configure:18274: cpp  conftest.c
conftest.c:84:10: fatal error: sys/filio.h: No such file or directory
 #include <sys/filio.h>
          ^~~~~~~~~~~~~
compilation terminated.
configure:18280: $? = 1
configure: failed program was:
| /* confdefs.h.  */
| 
| #define PACKAGE_NAME "tcl"
| #define PACKAGE_TARNAME "tcl"
| #define PACKAGE_VERSION "8.6"
| #define PACKAGE_STRING "tcl 8.6"
| #define PACKAGE_BUGREPORT ""
| #define STDC_HEADERS 1
| #define HAVE_SYS_TYPES_H 1
| #define HAVE_SYS_STAT_H 1
| #define HAVE_STDLIB_H 1
| #define HAVE_STRING_H 1
| #define HAVE_MEMORY_H 1
| #define HAVE_STRINGS_H 1
| #define HAVE_INTTYPES_H 1
| #define HAVE_STDINT_H 1
| #define HAVE_UNISTD_H 1
| #define HAVE_SYS_PARAM_H 1
| #define USE_THREAD_ALLOC 1
| #define _REENTRANT 1
| #define _THREAD_SAFE 1
| #define HAVE_PTHREAD_ATTR_SETSTACKSIZE 1
| #define HAVE_PTHREAD_ATFORK 1
| #define TCL_THREADS 1
| #define TCL_CFGVAL_ENCODING "iso8859-1"
| #define HAVE_ZLIB 1
| #define MODULE_SCOPE extern __attribute__((__visibility__("hidden")))
| #define HAVE_HIDDEN 1
| #define HAVE_CAST_TO_UNION 1
| #define TCL_SHLIB_EXT ".so"
| #define NDEBUG 1
| #define TCL_CFG_OPTIMIZED 1
| #define TCL_TOMMATH 1
| #define MP_PREC 4
| #define _LARGEFILE64_SOURCE 1
| #define TCL_WIDE_INT_IS_LONG 1
| #define HAVE_GETCWD 1
| #define HAVE_MKSTEMP 1
| #define HAVE_OPENDIR 1
| #define HAVE_STRTOL 1
| #define HAVE_WAITPID 1
| #define HAVE_GETNAMEINFO 1
| #define HAVE_GETADDRINFO 1
| #define HAVE_FREEADDRINFO 1
| #define HAVE_GAI_STRERROR 1
| #define HAVE_STRUCT_ADDRINFO 1
| #define HAVE_STRUCT_IN6_ADDR 1
| #define HAVE_STRUCT_SOCKADDR_IN6 1
| #define HAVE_STRUCT_SOCKADDR_STORAGE 1
| #define HAVE_GETPWUID_R_5 1
| #define HAVE_GETPWUID_R 1
| #define HAVE_GETPWNAM_R_5 1
| #define HAVE_GETPWNAM_R 1
| #define HAVE_GETGRGID_R_5 1
| #define HAVE_GETGRGID_R 1
| #define HAVE_GETGRNAM_R_5 1
| #define HAVE_GETGRNAM_R 1
| #define HAVE_DECL_GETHOSTBYNAME_R 1
| #define HAVE_GETHOSTBYNAME_R_6 1
| #define HAVE_GETHOSTBYNAME_R 1
| #define HAVE_DECL_GETHOSTBYADDR_R 1
| #define HAVE_GETHOSTBYADDR_R_8 1
| #define HAVE_GETHOSTBYADDR_R 1
| #define HAVE_TERMIOS_H 1
| #define HAVE_SYS_IOCTL_H 1
| #define HAVE_SYS_TIME_H 1
| #define TIME_WITH_SYS_TIME 1
| #define HAVE_GMTIME_R 1
| #define HAVE_LOCALTIME_R 1
| #define HAVE_MKTIME 1
| #define HAVE_TM_GMTOFF 1
| #define HAVE_TIMEZONE_VAR 1
| #define HAVE_STRUCT_STAT_ST_BLOCKS 1
| #define HAVE_STRUCT_STAT_ST_BLKSIZE 1
| #define HAVE_BLKCNT_T 1
| #define HAVE_INTPTR_T 1
| #define HAVE_UINTPTR_T 1
| #define HAVE_SIGNED_CHAR 1
| #define HAVE_LANGINFO 1
| #define HAVE_MKSTEMPS 1
| #define HAVE_FTS 1
| #define HAVE_SYS_IOCTL_H 1
| /* end confdefs.h.  */
| #include <sys/filio.h>
configure:18300: result: no
configure:18335: checking for sys/filio.h
configure:18342: result: no
configure:18356: checking system version
configure:18387: result: Linux-3.10.0-1160.45.1.el7.x86_64
configure:18391: checking FIONBIO vs. O_NONBLOCK for nonblocking I/O
configure:18413: result: O_NONBLOCK
configure:18421: checking whether to use dll unloading
configure:18437: result: yes
configure:18446: checking for timezone data
configure:18487: result: /usr/share/zoneinfo
configure:18706: checking whether to enable DTrace support
configure:18731: result: no
configure:18738: checking whether the cpuid instruction is usable
configure:18768: pgcc -o conftest    -Wl,--export-dynamic  conftest.c -lz  -lpthread >&5
"conftest.c", line 96: warning: variable "index" is used before its value is set
                   : "a"(index) : "edi");
                         ^

"conftest.c", line 90: warning: variable "regsPtr" was set but never used
  	int index,regsPtr[4];
  	          ^

configure:18774: $? = 0
configure:18778: test -z 
			 || test ! -s conftest.err
configure:18781: $? = 0
configure:18784: test -s conftest
configure:18787: $? = 0
configure:18799: result: yes
configure:19167: creating ./config.status

## ---------------------- ##
## Running config.status. ##
## ---------------------- ##

This file was extended by tcl config.status 8.6, which was
generated by GNU Autoconf 2.59.  Invocation command line was

  CONFIG_FILES    = 
  CONFIG_HEADERS  = 
  CONFIG_LINKS    = 
  CONFIG_COMMANDS = 
  $ ./config.status 

on obelixdevgraph.local

config.status:734: creating Makefile
config.status:734: creating dltest/Makefile
config.status:734: creating tclConfig.sh
config.status:734: creating tcl.pc

## ---------------- ##
## Cache variables. ##
## ---------------- ##

ac_cv_c_bigendian=no
ac_cv_c_char_unsigned=no
ac_cv_c_compiler_gnu=yes
ac_cv_c_inline=inline
ac_cv_env_CC_set=set
ac_cv_env_CC_value=pgcc
ac_cv_env_CFLAGS_set=
ac_cv_env_CFLAGS_value=
ac_cv_env_CPPFLAGS_set=
ac_cv_env_CPPFLAGS_value=
ac_cv_env_CPP_set=set
ac_cv_env_CPP_value=cpp
ac_cv_env_LDFLAGS_set=
ac_cv_env_LDFLAGS_value=
ac_cv_env_build_alias_set=
ac_cv_env_build_alias_value=
ac_cv_env_host_alias_set=
ac_cv_env_host_alias_value=
ac_cv_env_target_alias_set=
ac_cv_env_target_alias_value=
ac_cv_exeext=
ac_cv_func_chflags=no
ac_cv_func_connect=yes
ac_cv_func_freeaddrinfo=yes
ac_cv_func_fstatfs=yes
ac_cv_func_gai_strerror=yes
ac_cv_func_getaddrinfo=yes
ac_cv_func_getcwd=yes
ac_cv_func_getgrgid_r=yes
ac_cv_func_getgrnam_r=yes
ac_cv_func_gethostbyaddr_r=yes
ac_cv_func_gethostbyname=yes
ac_cv_func_gethostbyname_r=yes
ac_cv_func_getnameinfo=yes
ac_cv_func_getpwnam_r=yes
ac_cv_func_getpwuid_r=yes
ac_cv_func_gettimeofday=yes
ac_cv_func_getwd=yes
ac_cv_func_gmtime_r=yes
ac_cv_func_localtime_r=yes
ac_cv_func_memcmp_working=yes
ac_cv_func_memmove=yes
ac_cv_func_mkstemp=yes
ac_cv_func_mkstemps=yes
ac_cv_func_mktime=yes
ac_cv_func_opendir=yes
ac_cv_func_pthread_atfork=yes
ac_cv_func_pthread_attr_setstacksize=yes
ac_cv_func_realpath=yes
ac_cv_func_sin=yes
ac_cv_func_strerror=yes
ac_cv_func_strncasecmp=yes
ac_cv_func_strstr=yes
ac_cv_func_strtol=yes
ac_cv_func_strtoul=yes
ac_cv_func_uname=yes
ac_cv_func_wait3=yes
ac_cv_func_waitpid=yes
ac_cv_have_decl_gethostbyaddr_r=yes
ac_cv_have_decl_gethostbyname_r=yes
ac_cv_header_dlfcn_h=yes
ac_cv_header_float_h=yes
ac_cv_header_inttypes_h=yes
ac_cv_header_langinfo_h=yes
ac_cv_header_memory_h=yes
ac_cv_header_net_errno_h=no
ac_cv_header_stdc=yes
ac_cv_header_stdint_h=yes
ac_cv_header_stdlib_h=yes
ac_cv_header_string_h=yes
ac_cv_header_strings_h=yes
ac_cv_header_sys_filio_h=no
ac_cv_header_sys_ioctl_h=yes
ac_cv_header_sys_modem_h=no
ac_cv_header_sys_param_h=yes
ac_cv_header_sys_stat_h=yes
ac_cv_header_sys_time_h=yes
ac_cv_header_sys_types_h=yes
ac_cv_header_sys_wait_h=yes
ac_cv_header_termios_h=yes
ac_cv_header_time=yes
ac_cv_header_unistd_h=yes
ac_cv_header_values_h=yes
ac_cv_header_zlib_h=yes
ac_cv_lib_dl_dlopen=yes
ac_cv_lib_inet_main=no
ac_cv_lib_pthread_pthread_mutex_init=yes
ac_cv_member_struct_stat_st_blksize=yes
ac_cv_member_struct_stat_st_blocks=yes
ac_cv_nolto=no
ac_cv_objext=o
ac_cv_path_tclsh=/usr/bin/tclsh8.5
ac_cv_prog_CPP=cpp
ac_cv_prog_ac_ct_AR=ar
ac_cv_prog_ac_ct_CC=pgcc
ac_cv_prog_ac_ct_RANLIB=ranlib
ac_cv_prog_cc_g=yes
ac_cv_prog_cc_stdc=
ac_cv_prog_egrep='grep -E'
ac_cv_search_deflateSetHeader=-lz
ac_cv_type_blkcnt_t=yes
ac_cv_type_gz_header=yes
ac_cv_type_intptr_t=yes
ac_cv_type_mode_t=yes
ac_cv_type_pid_t=yes
ac_cv_type_size_t=yes
ac_cv_type_struct_addrinfo=yes
ac_cv_type_struct_in6_addr=yes
ac_cv_type_struct_sockaddr_in6=yes
ac_cv_type_struct_sockaddr_storage=yes
ac_cv_type_uid_t=yes
ac_cv_type_uintptr_t=yes
tcl_cv_api_fts=yes
tcl_cv_api_getgrgid_r_5=yes
tcl_cv_api_getgrnam_r_5=yes
tcl_cv_api_gethostbyaddr_r=yes
tcl_cv_api_gethostbyaddr_r_7=no
tcl_cv_api_gethostbyaddr_r_8=yes
tcl_cv_api_gethostbyname_r=yes
tcl_cv_api_gethostbyname_r_6=yes
tcl_cv_api_getpwnam_r_5=yes
tcl_cv_api_getpwuid_r_5=yes
tcl_cv_cast_to_union=yes
tcl_cv_cc_pipe=no
tcl_cv_cc_visibility_hidden=yes
tcl_cv_char_signed=yes
tcl_cv_cpuid=yes
tcl_cv_dir_zoneinfo=/usr/share/zoneinfo
tcl_cv_dirent_h=yes
tcl_cv_flag__isoc99_source=no
tcl_cv_flag__largefile64_source=yes
tcl_cv_flag__largefile_source64=no
tcl_cv_grep_gettimeofday=present
tcl_cv_isnan=yes
tcl_cv_langinfo_h=yes
tcl_cv_member_tm_gmtoff=yes
tcl_cv_member_tm_tzadj=no
tcl_cv_putenv_copy=no
tcl_cv_strstr_unbroken=ok
tcl_cv_strtoul_unbroken=ok
tcl_cv_sys_version=Linux-3.10.0-1160.45.1.el7.x86_64
tcl_cv_timezone_long=yes
tcl_cv_type_64bit=none
tcl_cv_type_fd_set=yes
tcl_cv_type_socklen_t=yes
tcl_cv_union_wait=yes

## ----------------- ##
## Output variables. ##
## ----------------- ##

AR='ar'
BUILD_DLTEST='$(DLTEST_TARGETS)'
CC='pgcc'
CC_SEARCH_FLAGS='"-Wl,-rpath,${LIB_RUNTIME_DIR}"'
CFG_TCL_SHARED_LIB_SUFFIX='${VERSION}.so'
CFG_TCL_UNSHARED_LIB_SUFFIX='${VERSION}.a'
CFLAGS=' '
CFLAGS_DEBUG='-g'
CFLAGS_DEFAULT='$(CFLAGS_OPTIMIZE)'
CFLAGS_NOLTO=''
CFLAGS_OPTIMIZE='-O2'
CFLAGS_WARNING='-Wall -Wpointer-arith'
CPP='cpp'
CPPFLAGS=''
DEFS='-DPACKAGE_NAME=\"tcl\" -DPACKAGE_TARNAME=\"tcl\" -DPACKAGE_VERSION=\"8.6\" -DPACKAGE_STRING=\"tcl\ 8.6\" -DPACKAGE_BUGREPORT=\"\" -DSTDC_HEADERS=1 -DHAVE_SYS_TYPES_H=1 -DHAVE_SYS_STAT_H=1 -DHAVE_STDLIB_H=1 -DHAVE_STRING_H=1 -DHAVE_MEMORY_H=1 -DHAVE_STRINGS_H=1 -DHAVE_INTTYPES_H=1 -DHAVE_STDINT_H=1 -DHAVE_UNISTD_H=1 -DHAVE_SYS_PARAM_H=1 -DUSE_THREAD_ALLOC=1 -D_REENTRANT=1 -D_THREAD_SAFE=1 -DHAVE_PTHREAD_ATTR_SETSTACKSIZE=1 -DHAVE_PTHREAD_ATFORK=1 -DTCL_THREADS=1 -DTCL_CFGVAL_ENCODING=\"iso8859-1\" -DHAVE_ZLIB=1 -DMODULE_SCOPE=extern\ __attribute__\(\(__visibility__\(\"hidden\"\)\)\) -DHAVE_HIDDEN=1 -DHAVE_CAST_TO_UNION=1 -DTCL_SHLIB_EXT=\".so\" -DNDEBUG=1 -DTCL_CFG_OPTIMIZED=1 -DTCL_TOMMATH=1 -DMP_PREC=4 -D_LARGEFILE64_SOURCE=1 -DTCL_WIDE_INT_IS_LONG=1 -DHAVE_GETCWD=1 -DHAVE_MKSTEMP=1 -DHAVE_OPENDIR=1 -DHAVE_STRTOL=1 -DHAVE_WAITPID=1 -DHAVE_GETNAMEINFO=1 -DHAVE_GETADDRINFO=1 -DHAVE_FREEADDRINFO=1 -DHAVE_GAI_STRERROR=1 -DHAVE_STRUCT_ADDRINFO=1 -DHAVE_STRUCT_IN6_ADDR=1 -DHAVE_STRUCT_SOCKADDR_IN6=1 -DHAVE_STRUCT_SOCKADDR_STORAGE=1 -DHAVE_GETPWUID_R_5=1 -DHAVE_GETPWUID_R=1 -DHAVE_GETPWNAM_R_5=1 -DHAVE_GETPWNAM_R=1 -DHAVE_GETGRGID_R_5=1 -DHAVE_GETGRGID_R=1 -DHAVE_GETGRNAM_R_5=1 -DHAVE_GETGRNAM_R=1 -DHAVE_DECL_GETHOSTBYNAME_R=1 -DHAVE_GETHOSTBYNAME_R_6=1 -DHAVE_GETHOSTBYNAME_R=1 -DHAVE_DECL_GETHOSTBYADDR_R=1 -DHAVE_GETHOSTBYADDR_R_8=1 -DHAVE_GETHOSTBYADDR_R=1 -DHAVE_TERMIOS_H=1 -DHAVE_SYS_IOCTL_H=1 -DHAVE_SYS_TIME_H=1 -DTIME_WITH_SYS_TIME=1 -DHAVE_GMTIME_R=1 -DHAVE_LOCALTIME_R=1 -DHAVE_MKTIME=1 -DHAVE_TM_GMTOFF=1 -DHAVE_TIMEZONE_VAR=1 -DHAVE_STRUCT_STAT_ST_BLOCKS=1 -DHAVE_STRUCT_STAT_ST_BLKSIZE=1 -DHAVE_BLKCNT_T=1 -DHAVE_INTPTR_T=1 -DHAVE_UINTPTR_T=1 -DHAVE_SIGNED_CHAR=1 -DHAVE_LANGINFO=1 -DHAVE_MKSTEMPS=1 -DHAVE_FTS=1 -DHAVE_SYS_IOCTL_H=1 -DTCL_UNLOAD_DLLS=1 -DHAVE_CPUID=1 '
DLL_INSTALL_DIR='$(LIB_INSTALL_DIR)'
DLTEST_LD='${SHLIB_LD}'
DLTEST_SUFFIX=''
DL_LIBS='-ldl'
DL_OBJS='tclLoadDl.o'
DTRACE=''
DTRACE_HDR=''
DTRACE_OBJ=''
DTRACE_SRC=''
ECHO_C=''
ECHO_N='-n'
ECHO_T=''
EGREP='grep -E'
EXEEXT=''
EXTRA_APP_CC_SWITCHES=''
EXTRA_BUILD_HTML='@:'
EXTRA_CC_SWITCHES=''
EXTRA_INSTALL=''
EXTRA_INSTALL_BINARIES='@:'
EXTRA_TCLSH_LIBS=''
HTML_DIR='$(DISTDIR)/html'
INSTALL_LIB='$(INSTALL_LIBRARY) $(LIB_FILE) "$(LIB_INSTALL_DIR)/$(LIB_FILE)"'
INSTALL_STUB_LIB='$(INSTALL_LIBRARY) $(STUB_LIB_FILE) "$(LIB_INSTALL_DIR)/$(STUB_LIB_FILE)"'
INSTALL_TZDATA=''
LDAIX_SRC=''
LDFLAGS=' -Wl,--export-dynamic '
LDFLAGS_DEBUG=''
LDFLAGS_DEFAULT='$(LDFLAGS_OPTIMIZE)'
LDFLAGS_OPTIMIZE=''
LD_LIBRARY_PATH_VAR='LD_LIBRARY_PATH'
LD_SEARCH_FLAGS='"-Wl,-rpath,${LIB_RUNTIME_DIR}"'
LIBOBJS=''
LIBS='-lz  -lpthread'
MAKEFILE_SHELL='/bin/sh'
MAKE_LIB='${SHLIB_LD} -o $@ ${OBJS} ${LDFLAGS} ${SHLIB_LD_LIBS} ${TCL_SHLIB_LD_EXTRAS} ${TK_SHLIB_LD_EXTRAS} ${LD_SEARCH_FLAGS}'
MAKE_STUB_LIB='${STLIB_LD} $@ ${STUB_LIB_OBJS} ; ${RANLIB} $@'
MAN_FLAGS=''
OBJEXT='o'
PACKAGE_BUGREPORT=''
PACKAGE_DIR='/home/adjoua/tinkerhp/pmerel/v1.2/tcl8/Portland//lib'
PACKAGE_NAME='tcl'
PACKAGE_STRING='tcl 8.6'
PACKAGE_TARNAME='tcl'
PACKAGE_VERSION='8.6'
PATH_SEPARATOR=':'
PKG_CFG_ARGS=''CC=pgcc' '--prefix=/home/adjoua/tinkerhp/pmerel/v1.2/tcl8/Portland/' 'CPP=cpp' '
PLAT_OBJS=''
PLAT_SRCS=''
PRIVATE_INCLUDE_DIR='$(includedir)'
RANLIB='ranlib'
SHARED_BUILD='1'
SHELL='/bin/sh'
SHLIB_CFLAGS='-fPIC'
SHLIB_LD='${CC} ${CFLAGS} ${LDFLAGS} -shared'
SHLIB_LD_LIBS='${LIBS}'
SHLIB_SUFFIX='.so'
STLIB_LD='${AR} cr'
TCLSH_PROG='/usr/bin/tclsh8.5'
TCL_BUILD_LIB_SPEC='-L/home/adjoua/tinkerhp/pmerel/v1.2/tcl8.6.13/unix -ltcl8.6'
TCL_BUILD_STUB_LIB_PATH='/home/adjoua/tinkerhp/pmerel/v1.2/tcl8.6.13/unix/libtclstub8.6.a'
TCL_BUILD_STUB_LIB_SPEC='-L/home/adjoua/tinkerhp/pmerel/v1.2/tcl8.6.13/unix -ltclstub8.6'
TCL_HAS_LONGLONG=''
TCL_INCLUDE_SPEC='-I/home/adjoua/tinkerhp/pmerel/v1.2/tcl8/Portland//include'
TCL_LIBRARY='$(prefix)/lib/tcl$(VERSION)'
TCL_LIBS='-ldl -lz  -lpthread '
TCL_LIB_FILE='libtcl8.6.so'
TCL_LIB_FLAG='-ltcl8.6'
TCL_LIB_SPEC='-L/home/adjoua/tinkerhp/pmerel/v1.2/tcl8/Portland//lib -ltcl8.6'
TCL_LIB_VERSIONS_OK='ok'
TCL_MAJOR_VERSION='8'
TCL_MINOR_VERSION='6'
TCL_MODULE_PATH=''
TCL_PACKAGE_PATH='{/home/adjoua/tinkerhp/pmerel/v1.2/tcl8/Portland//lib} '
TCL_PATCH_LEVEL='.13'
TCL_SHARED_BUILD='1'
TCL_SHARED_LIB_SUFFIX='${VERSION}${SHLIB_SUFFIX}'
TCL_SHLIB_LD_EXTRAS=''
TCL_SRC_DIR='/home/adjoua/tinkerhp/pmerel/v1.2/tcl8.6.13'
TCL_STUB_LIB_FILE='libtclstub8.6.a'
TCL_STUB_LIB_FLAG='-ltclstub8.6'
TCL_STUB_LIB_PATH='/home/adjoua/tinkerhp/pmerel/v1.2/tcl8/Portland//lib/libtclstub8.6.a'
TCL_STUB_LIB_SPEC='-L/home/adjoua/tinkerhp/pmerel/v1.2/tcl8/Portland//lib -ltclstub8.6'
TCL_THREADS='1'
TCL_UNSHARED_LIB_SUFFIX='${VERSION}.a'
TCL_VERSION='8.6'
TCL_YEAR=''
TK_SHLIB_LD_EXTRAS=''
ZLIB_INCLUDE=''
ZLIB_OBJS=''
ZLIB_SRCS=''
ac_ct_AR='ar'
ac_ct_CC='pgcc'
ac_ct_RANLIB='ranlib'
bindir='${exec_prefix}/bin'
build_alias=''
datadir='${prefix}/share'
exec_prefix='/home/adjoua/tinkerhp/pmerel/v1.2/tcl8/Portland/'
host_alias=''
includedir='${prefix}/include'
infodir='${prefix}/info'
libdir='/home/adjoua/tinkerhp/pmerel/v1.2/tcl8/Portland//lib'
libexecdir='${exec_prefix}/libexec'
localstatedir='${prefix}/var'
mandir='${prefix}/man'
oldincludedir='/usr/include'
prefix='/home/adjoua/tinkerhp/pmerel/v1.2/tcl8/Portland/'
program_transform_name='s,x,x,'
sbindir='${exec_prefix}/sbin'
sharedstatedir='${prefix}/com'
sysconfdir='${prefix}/etc'
target_alias=''

## ----------- ##
## confdefs.h. ##
## ----------- ##

#define HAVE_BLKCNT_T 1
#define HAVE_CAST_TO_UNION 1
#define HAVE_CPUID 1
#define HAVE_DECL_GETHOSTBYADDR_R 1
#define HAVE_DECL_GETHOSTBYNAME_R 1
#define HAVE_FREEADDRINFO 1
#define HAVE_FTS 1
#define HAVE_GAI_STRERROR 1
#define HAVE_GETADDRINFO 1
#define HAVE_GETCWD 1
#define HAVE_GETGRGID_R 1
#define HAVE_GETGRGID_R_5 1
#define HAVE_GETGRNAM_R 1
#define HAVE_GETGRNAM_R_5 1
#define HAVE_GETHOSTBYADDR_R 1
#define HAVE_GETHOSTBYADDR_R_8 1
#define HAVE_GETHOSTBYNAME_R 1
#define HAVE_GETHOSTBYNAME_R_6 1
#define HAVE_GETNAMEINFO 1
#define HAVE_GETPWNAM_R 1
#define HAVE_GETPWNAM_R_5 1
#define HAVE_GETPWUID_R 1
#define HAVE_GETPWUID_R_5 1
#define HAVE_GMTIME_R 1
#define HAVE_HIDDEN 1
#define HAVE_INTPTR_T 1
#define HAVE_INTTYPES_H 1
#define HAVE_LANGINFO 1
#define HAVE_LOCALTIME_R 1
#define HAVE_MEMORY_H 1
#define HAVE_MKSTEMP 1
#define HAVE_MKSTEMPS 1
#define HAVE_MKTIME 1
#define HAVE_OPENDIR 1
#define HAVE_PTHREAD_ATFORK 1
#define HAVE_PTHREAD_ATTR_SETSTACKSIZE 1
#define HAVE_SIGNED_CHAR 1
#define HAVE_STDINT_H 1
#define HAVE_STDLIB_H 1
#define HAVE_STRINGS_H 1
#define HAVE_STRING_H 1
#define HAVE_STRTOL 1
#define HAVE_STRUCT_ADDRINFO 1
#define HAVE_STRUCT_IN6_ADDR 1
#define HAVE_STRUCT_SOCKADDR_IN6 1
#define HAVE_STRUCT_SOCKADDR_STORAGE 1
#define HAVE_STRUCT_STAT_ST_BLKSIZE 1
#define HAVE_STRUCT_STAT_ST_BLOCKS 1
#define HAVE_SYS_IOCTL_H 1
#define HAVE_SYS_IOCTL_H 1
#define HAVE_SYS_PARAM_H 1
#define HAVE_SYS_STAT_H 1
#define HAVE_SYS_TIME_H 1
#define HAVE_SYS_TYPES_H 1
#define HAVE_TERMIOS_H 1
#define HAVE_TIMEZONE_VAR 1
#define HAVE_TM_GMTOFF 1
#define HAVE_UINTPTR_T 1
#define HAVE_UNISTD_H 1
#define HAVE_WAITPID 1
#define HAVE_ZLIB 1
#define MODULE_SCOPE extern __attribute__((__visibility__("hidden")))
#define MP_PREC 4
#define NDEBUG 1
#define PACKAGE_BUGREPORT ""
#define PACKAGE_NAME "tcl"
#define PACKAGE_STRING "tcl 8.6"
#define PACKAGE_TARNAME "tcl"
#define PACKAGE_VERSION "8.6"
#define STDC_HEADERS 1
#define TCL_CFGVAL_ENCODING "iso8859-1"
#define TCL_CFG_OPTIMIZED 1
#define TCL_SHLIB_EXT ".so"
#define TCL_THREADS 1
#define TCL_TOMMATH 1
#define TCL_UNLOAD_DLLS 1
#define TCL_WIDE_INT_IS_LONG 1
#define TIME_WITH_SYS_TIME 1
#define USE_THREAD_ALLOC 1
#define _LARGEFILE64_SOURCE 1
#define _REENTRANT 1
#define _THREAD_SAFE 1

configure: exit 0
