 3D Domain Decomposition
Nx =     2  Ny =     2  Nz =     2
 In auto-tuning mode......
 factors:            1           2           4           8
 processor grid           1  by            8  time=  9.835988283157349E-003
 processor grid           2  by            4  time=  6.268471479415894E-003
 processor grid           4  by            2  time=  5.785107612609863E-003
 processor grid           8  by            1  time=  8.451402187347412E-003
 the best processor grid is probably            4  by            2
  
 ***** Using the FFTW (F2003 interface) engine *****
  

 Smooth Particle Mesh Ewald Parameters :

    Ewald Coefficient      Charge Grid Dimensions      B-Spline Order

          0.5446              120   120   120                 5
 3D Domain Decomposition
Nx =     2  Ny =     2  Nz =     2

 Molecular Dynamics Trajectory via r-RESPA MTS Algorithm

 Random Number Generator Initialized with SEED :          12345

    MD Step      E Total   E Potential     E Kinetic       Temp       Pres

         1  -187791.1223  -270844.1777    83053.0554     290.24    1789.49
         2  -188894.2200  -276764.4905    87870.2705     307.07    -913.27
         3  -188406.8844  -273020.2442    84613.3599     295.69   -2305.17
         4  -188406.0791  -274786.1708    86380.0917     301.87     329.60
         5  -188641.9323  -277112.9028    88470.9705     309.17    1488.75
         6  -188192.8495  -272453.5976    84260.7480     294.46    1314.81
         7  -188966.2328  -277587.8863    88621.6535     309.70   -2041.09
         8  -188080.1410  -271230.4110    83150.2700     290.58   -1460.29
         9  -188875.2256  -278614.0202    89738.7947     313.60     706.61
        10  -188049.3710  -273028.5417    84979.1707     296.97    1816.35
