 3D Domain Decomposition
Nx =     2  Ny =     2  Nz =     2
 In auto-tuning mode......
 factors:            1           2           4           8
 processor grid           1  by            8  time=   1.1134147644042969E-003
 processor grid           2  by            4  time=   6.6760182380676270E-004
 processor grid           4  by            2  time=   5.1087141036987305E-004
 processor grid           8  by            1  time=   6.2713027000427246E-004
 the best processor grid is probably            4  by            2
  
 ***** Using the generic FFT engine *****
  

 Smooth Particle Mesh Ewald Parameters :

    Ewald Coefficient      Charge Grid Dimensions      B-Spline Order

          0.5446               64    64    64                 5
 3D Domain Decomposition
Nx =     2  Ny =     2  Nz =     2

 Molecular Dynamics Trajectory via r-RESPA MTS Algorithm

 Random Number Generator Initialized with SEED :          12345

    MD Step      E Total   E Potential     E Kinetic       Temp       Pres

         1   -45393.4417   -69345.2357    23951.7940     341.10    2146.79
         2   -45305.3768   -69598.7319    24293.3552     345.97    4780.07
         3   -45390.4535   -70037.7188    24647.2654     351.01    3498.70
         4   -45638.7473   -71484.9640    25846.2167     368.08   -2381.09
         5   -45323.3551   -68983.8051    23660.4500     336.95    -106.66
         6   -45749.3533   -72530.8848    26781.5315     381.40    3290.30
         7   -45452.5646   -70513.5070    25060.9424     356.90    4590.84
         8   -45863.4806   -72627.1708    26763.6902     381.15     413.27
         9   -45637.4292   -69691.4822    24054.0530     342.56   -1477.79
        10   -45715.2070   -69301.8016    23586.5946     335.90    3462.69
