 3D Domain Decomposition
Nx =     2  Ny =     2  Nz =     2
 In auto-tuning mode......
 factors:            1           2           4           8
 processor grid           1  by            8  time=   1.0622143745422363E-003
 processor grid           2  by            4  time=   6.7585706710815430E-004
 processor grid           4  by            2  time=   4.8172473907470703E-004
 processor grid           8  by            1  time=   4.6953558921813965E-004
 the best processor grid is probably            8  by            1
  
 ***** Using the generic FFT engine *****
  

 Smooth Particle Mesh Ewald Parameters :

    Ewald Coefficient      Charge Grid Dimensions      B-Spline Order

          0.5446               72    54    54                 5
 3D Domain Decomposition
Nx =     2  Ny =     2  Nz =     2

 Molecular Dynamics Trajectory via r-RESPA MTS Algorithm

 Random Number Generator Initialized with SEED :          12345

    MD Step      E Total   E Potential     E Kinetic       Temp       Pres

         1   -18679.5866   -27260.7966     8581.2100     295.69     -99.52
         2   -18677.2935   -27395.3417     8718.0481     300.40    -770.25
         3   -18671.7772   -27289.5975     8617.8204     296.95    -786.44
         4   -18679.4719   -27413.4444     8733.9725     300.95    -597.17
         5   -18651.1200   -27294.4383     8643.3183     297.83    -635.44
         6   -18657.2377   -27310.0782     8652.8405     298.16    -963.82
         7   -18630.7849   -27328.9630     8698.1781     299.72   -1141.40
         8   -18626.5798   -27291.9146     8665.3348     298.59    -561.04
         9   -18636.0159   -27358.7898     8722.7739     300.57    -448.08
        10   -18625.3041   -27287.4483     8662.1441     298.48    -759.70
